<?xml version="1.0" encoding="UTF-8"?>
<testng-results skipped="41" failed="22" total="68" passed="5">
  <reporter-output>
  </reporter-output>
  <suite name="Regression Test Suite" duration-ms="81332" started-at="2017-03-15T13:29:24Z" finished-at="2017-03-15T13:30:45Z">
    <groups>
      <group name="p1">
        <method signature="CandidateSearchTest.candidateSearchLoadPageTest()[pri:0, instance:testclasses._public.CandidateSearchTest@6108b2d7]" name="candidateSearchLoadPageTest" class="testclasses._public.CandidateSearchTest"/>
        <method signature="CandidateSearchTest.candidateSearchByAbbreviationTest(java.lang.String)[pri:0, instance:testclasses._public.CandidateSearchTest@6108b2d7]" name="candidateSearchByAbbreviationTest" class="testclasses._public.CandidateSearchTest"/>
        <method signature="CandidateSearchTest.candidateSearchByConstituencyTest(java.lang.String)[pri:0, instance:testclasses._public.CandidateSearchTest@6108b2d7]" name="candidateSearchByConstituencyTest" class="testclasses._public.CandidateSearchTest"/>
        <method signature="CandidateSearchTest.candidateSearchByNameTest(java.lang.String)[pri:0, instance:testclasses._public.CandidateSearchTest@6108b2d7]" name="candidateSearchByNameTest" class="testclasses._public.CandidateSearchTest"/>
        <method signature="CandidateSearchTest.candidateSearchByPartyTest(java.lang.String)[pri:0, instance:testclasses._public.CandidateSearchTest@6108b2d7]" name="candidateSearchByPartyTest" class="testclasses._public.CandidateSearchTest"/>
        <method signature="CandidateSearchTest.candidateSearchBySurnameTest(java.lang.String)[pri:0, instance:testclasses._public.CandidateSearchTest@6108b2d7]" name="candidateSearchBySurnameTest" class="testclasses._public.CandidateSearchTest"/>
        <method signature="PublicResultsSingleTest.resultPreviewSingleTest()[pri:0, instance:testclasses._public.PublicResultsSingleTest@13fee20c]" name="resultPreviewSingleTest" class="testclasses._public.PublicResultsSingleTest"/>
        <method signature="PublicResultsSingleTest.resultPreviewForSingleConsituencyTest()[pri:0, instance:testclasses._public.PublicResultsSingleTest@13fee20c]" name="resultPreviewForSingleConsituencyTest" class="testclasses._public.PublicResultsSingleTest"/>
        <method signature="PublicResultsSingleTest.resultPreviewForSingleConsituencyDistrictTest()[pri:0, instance:testclasses._public.PublicResultsSingleTest@13fee20c]" name="resultPreviewForSingleConsituencyDistrictTest" class="testclasses._public.PublicResultsSingleTest"/>
        <method signature="PublicResultsMultiTest.resultPreviewMultiTest()[pri:0, instance:testclasses._public.PublicResultsMultiTest@246ae04d]" name="resultPreviewMultiTest" class="testclasses._public.PublicResultsMultiTest"/>
        <method signature="PublicResultsMultiTest.resultPreviewForMultiConsituencyTest()[pri:0, instance:testclasses._public.PublicResultsMultiTest@246ae04d]" name="resultPreviewForMultiConsituencyTest" class="testclasses._public.PublicResultsMultiTest"/>
        <method signature="PublicResultsMultiTest.resultPreviewForMultiConsituencyDistrictTest()[pri:0, instance:testclasses._public.PublicResultsMultiTest@246ae04d]" name="resultPreviewForMultiConsituencyDistrictTest" class="testclasses._public.PublicResultsMultiTest"/>
        <method signature="RepresentativeLoginTest.testLoginPage(java.lang.String, java.lang.String, java.lang.String)[pri:0, instance:testclasses.rep.RepresentativeLoginTest@6fb554cc]" name="testLoginPage" class="testclasses.rep.RepresentativeLoginTest"/>
        <method signature="VoteRegistrationSingleTest.voteRegistrationLoadPageTest(java.lang.String, java.lang.String)[pri:0, instance:testclasses.rep.VoteRegistrationSingleTest@327471b5]" name="voteRegistrationLoadPageTest" class="testclasses.rep.VoteRegistrationSingleTest"/>
        <method signature="VoteRegistrationMultiTest.voteRegistrationLoadPageTest(java.lang.String, java.lang.String)[pri:0, instance:testclasses.rep.VoteRegistrationMultiTest@6615435c]" name="voteRegistrationLoadPageTest" class="testclasses.rep.VoteRegistrationMultiTest"/>
        <method signature="AdminLoginTest.testLoginPage(java.lang.String, java.lang.String, java.lang.String)[pri:0, instance:testclasses.admin.AdminLoginTest@34b7bfc0]" name="testLoginPage" class="testclasses.admin.AdminLoginTest"/>
        <method signature="ConstituencyTest.constituencyLoadPageTest(java.lang.String, java.lang.String)[pri:0, instance:testclasses.admin.ConstituencyTest@5a61f5df]" name="constituencyLoadPageTest" class="testclasses.admin.ConstituencyTest"/>
        <method signature="ConstituencyTest.constituencyLoadPageTest(java.lang.String, java.lang.String)[pri:0, instance:testclasses.admin.ConstituencyTest@234bef66]" name="constituencyLoadPageTest" class="testclasses.admin.ConstituencyTest"/>
        <method signature="DistrictTest.districtLoadPageTest(java.lang.String, java.lang.String)[pri:0, instance:testclasses.admin.DistrictTest@97e1986]" name="districtLoadPageTest" class="testclasses.admin.DistrictTest"/>
        <method signature="DistrictTest.districtLoadPageTest(java.lang.String, java.lang.String)[pri:0, instance:testclasses.admin.DistrictTest@337d0578]" name="districtLoadPageTest" class="testclasses.admin.DistrictTest"/>
        <method signature="ReprentativeTest.reprentativeLoadPageTest(java.lang.String, java.lang.String)[pri:0, instance:testclasses.admin.ReprentativeTest@b97c004]" name="reprentativeLoadPageTest" class="testclasses.admin.ReprentativeTest"/>
        <method signature="ReprentativeTest.reprentativeLoadPageTest(java.lang.String, java.lang.String)[pri:0, instance:testclasses.admin.ReprentativeTest@2344fc66]" name="reprentativeLoadPageTest" class="testclasses.admin.ReprentativeTest"/>
        <method signature="ReprentativeTest.reprentativeLoadPageTest(java.lang.String, java.lang.String)[pri:0, instance:testclasses.admin.ReprentativeTest@174d20a]" name="reprentativeLoadPageTest" class="testclasses.admin.ReprentativeTest"/>
        <method signature="PartiesTest.partyLoadPageTest(java.lang.String, java.lang.String)[pri:1, instance:testclasses.admin.PartiesTest@48eff760]" name="partyLoadPageTest" class="testclasses.admin.PartiesTest"/>
        <method signature="PartiesTest.partyLoadPageTest(java.lang.String, java.lang.String)[pri:1, instance:testclasses.admin.PartiesTest@6d78f375]" name="partyLoadPageTest" class="testclasses.admin.PartiesTest"/>
        <method signature="CsvUploadMultiTest.csvUploadLoadPageTest(java.lang.String, java.lang.String)[pri:0, instance:testclasses.admin.CsvUploadMultiTest@20e2cbe0]" name="csvUploadLoadPageTest" class="testclasses.admin.CsvUploadMultiTest"/>
        <method signature="CsvUploadMultiTest.csvUploadLoadPageTest(java.lang.String, java.lang.String)[pri:0, instance:testclasses.admin.CsvUploadMultiTest@1b604f19]" name="csvUploadLoadPageTest" class="testclasses.admin.CsvUploadMultiTest"/>
        <method signature="CsvUploadMultiTest.csvUploadLoadPageTest(java.lang.String, java.lang.String)[pri:0, instance:testclasses.admin.CsvUploadMultiTest@4678c730]" name="csvUploadLoadPageTest" class="testclasses.admin.CsvUploadMultiTest"/>
        <method signature="CsvUploadMultiTest.csvUploadLoadPageTest(java.lang.String, java.lang.String)[pri:0, instance:testclasses.admin.CsvUploadMultiTest@18be83e4]" name="csvUploadLoadPageTest" class="testclasses.admin.CsvUploadMultiTest"/>
      </group> <!-- p1 -->
      <group name="p2">
        <method signature="VoteRegistrationSingleTest.voteRegistrationForSingleTest(java.lang.String, java.lang.String)[pri:0, instance:testclasses.rep.VoteRegistrationSingleTest@327471b5]" name="voteRegistrationForSingleTest" class="testclasses.rep.VoteRegistrationSingleTest"/>
        <method signature="VoteRegistrationMultiTest.voteRegistrationForMultiTest(java.lang.String, java.lang.String)[pri:0, instance:testclasses.rep.VoteRegistrationMultiTest@6615435c]" name="voteRegistrationForMultiTest" class="testclasses.rep.VoteRegistrationMultiTest"/>
        <method signature="ConstituencyTest.addNewConstituencyButtonTest()[pri:0, instance:testclasses.admin.ConstituencyTest@5a61f5df]" name="addNewConstituencyButtonTest" class="testclasses.admin.ConstituencyTest"/>
        <method signature="ConstituencyTest.addNewConstituencyTest(java.lang.String)[pri:0, instance:testclasses.admin.ConstituencyTest@5a61f5df]" name="addNewConstituencyTest" class="testclasses.admin.ConstituencyTest"/>
        <method signature="ConstituencyTest.removeConstituencyTest()[pri:0, instance:testclasses.admin.ConstituencyTest@234bef66]" name="removeConstituencyTest" class="testclasses.admin.ConstituencyTest"/>
        <method signature="DistrictTest.addNewDistrictButtonTest()[pri:0, instance:testclasses.admin.DistrictTest@97e1986]" name="addNewDistrictButtonTest" class="testclasses.admin.DistrictTest"/>
        <method signature="DistrictTest.addNewConstituencyTest(java.lang.String, java.lang.String, java.lang.String)[pri:0, instance:testclasses.admin.DistrictTest@97e1986]" name="addNewConstituencyTest" class="testclasses.admin.DistrictTest"/>
        <method signature="DistrictTest.removeDistrictTest()[pri:0, instance:testclasses.admin.DistrictTest@337d0578]" name="removeDistrictTest" class="testclasses.admin.DistrictTest"/>
        <method signature="ReprentativeTest.addNewReprentativeTest(java.lang.String, java.lang.String, java.lang.String, java.lang.String)[pri:0, instance:testclasses.admin.ReprentativeTest@b97c004]" name="addNewReprentativeTest" class="testclasses.admin.ReprentativeTest"/>
        <method signature="ReprentativeTest.correctPreviewTest()[pri:0, instance:testclasses.admin.ReprentativeTest@2344fc66]" name="correctPreviewTest" class="testclasses.admin.ReprentativeTest"/>
        <method signature="ReprentativeTest.deleteRepresntativeTest()[pri:0, instance:testclasses.admin.ReprentativeTest@174d20a]" name="deleteRepresntativeTest" class="testclasses.admin.ReprentativeTest"/>
        <method signature="PartiesTest.addPartyButtonTest()[pri:2, instance:testclasses.admin.PartiesTest@48eff760]" name="addPartyButtonTest" class="testclasses.admin.PartiesTest"/>
        <method signature="PartiesTest.addNewPartyTest(java.lang.String, java.lang.String)[pri:3, instance:testclasses.admin.PartiesTest@48eff760]" name="addNewPartyTest" class="testclasses.admin.PartiesTest"/>
        <method signature="PartiesTest.removePartyTest()[pri:4, instance:testclasses.admin.PartiesTest@6d78f375]" name="removePartyTest" class="testclasses.admin.PartiesTest"/>
        <method signature="CsvUploadSingleTest.csvUploadButtonTest()[pri:0, instance:testclasses.admin.CsvUploadSingleTest@7f9a81e8]" name="csvUploadButtonTest" class="testclasses.admin.CsvUploadSingleTest"/>
        <method signature="CsvUploadSingleTest.csvUploadButtonTest()[pri:0, instance:testclasses.admin.CsvUploadSingleTest@7dc7cbad]" name="csvUploadButtonTest" class="testclasses.admin.CsvUploadSingleTest"/>
        <method signature="CsvUploadMultiTest.csvUploadButtonTest()[pri:0, instance:testclasses.admin.CsvUploadMultiTest@4678c730]" name="csvUploadButtonTest" class="testclasses.admin.CsvUploadMultiTest"/>
        <method signature="CsvUploadMultiTest.csvUploadButtonTest()[pri:0, instance:testclasses.admin.CsvUploadMultiTest@18be83e4]" name="csvUploadButtonTest" class="testclasses.admin.CsvUploadMultiTest"/>
      </group> <!-- p2 -->
      <group name="csv2">
        <method signature="CsvUploadSingleTest.csvPreviewButtonTest()[pri:0, instance:testclasses.admin.CsvUploadSingleTest@23ceabc1]" name="csvPreviewButtonTest" class="testclasses.admin.CsvUploadSingleTest"/>
        <method signature="CsvUploadSingleTest.csvPreviewButtonTest()[pri:0, instance:testclasses.admin.CsvUploadSingleTest@2ef5e5e3]" name="csvPreviewButtonTest" class="testclasses.admin.CsvUploadSingleTest"/>
        <method signature="CsvUploadMultiTest.csvPreviewButtonTest()[pri:0, instance:testclasses.admin.CsvUploadMultiTest@20e2cbe0]" name="csvPreviewButtonTest" class="testclasses.admin.CsvUploadMultiTest"/>
        <method signature="CsvUploadMultiTest.csvPreviewButtonTest()[pri:0, instance:testclasses.admin.CsvUploadMultiTest@1b604f19]" name="csvPreviewButtonTest" class="testclasses.admin.CsvUploadMultiTest"/>
      </group> <!-- csv2 -->
      <group name="csv3">
        <method signature="CsvUploadSingleTest.csvPreviewCancelButtonTest()[pri:0, instance:testclasses.admin.CsvUploadSingleTest@23ceabc1]" name="csvPreviewCancelButtonTest" class="testclasses.admin.CsvUploadSingleTest"/>
        <method signature="CsvUploadSingleTest.csvPreviewListWithCandidatesDisplayedTest()[pri:0, instance:testclasses.admin.CsvUploadSingleTest@23ceabc1]" name="csvPreviewListWithCandidatesDisplayedTest" class="testclasses.admin.CsvUploadSingleTest"/>
        <method signature="CsvUploadSingleTest.csvDeleteCandidatesTest()[pri:0, instance:testclasses.admin.CsvUploadSingleTest@2ef5e5e3]" name="csvDeleteCandidatesTest" class="testclasses.admin.CsvUploadSingleTest"/>
        <method signature="CsvUploadSingleTest.csvUploadCommasTest()[pri:0, instance:testclasses.admin.CsvUploadSingleTest@7f9a81e8]" name="csvUploadCommasTest" class="testclasses.admin.CsvUploadSingleTest"/>
        <method signature="CsvUploadSingleTest.csvUploadSimcolonTest()[pri:0, instance:testclasses.admin.CsvUploadSingleTest@7dc7cbad]" name="csvUploadSimcolonTest" class="testclasses.admin.CsvUploadSingleTest"/>
        <method signature="CsvUploadMultiTest.csvPreviewCancelButtonTest()[pri:0, instance:testclasses.admin.CsvUploadMultiTest@20e2cbe0]" name="csvPreviewCancelButtonTest" class="testclasses.admin.CsvUploadMultiTest"/>
        <method signature="CsvUploadMultiTest.csvPreviewListWithCandidatesDisplayedTest()[pri:0, instance:testclasses.admin.CsvUploadMultiTest@20e2cbe0]" name="csvPreviewListWithCandidatesDisplayedTest" class="testclasses.admin.CsvUploadMultiTest"/>
        <method signature="CsvUploadMultiTest.csvDeleteCandidatesTest()[pri:0, instance:testclasses.admin.CsvUploadMultiTest@1b604f19]" name="csvDeleteCandidatesTest" class="testclasses.admin.CsvUploadMultiTest"/>
        <method signature="CsvUploadMultiTest.csvUploadCommasTest()[pri:0, instance:testclasses.admin.CsvUploadMultiTest@4678c730]" name="csvUploadCommasTest" class="testclasses.admin.CsvUploadMultiTest"/>
        <method signature="CsvUploadMultiTest.csvUploadSimcolonTest()[pri:0, instance:testclasses.admin.CsvUploadMultiTest@18be83e4]" name="csvUploadSimcolonTest" class="testclasses.admin.CsvUploadMultiTest"/>
      </group> <!-- csv3 -->
      <group name="csv1">
        <method signature="CsvUploadSingleTest.csvUploadLoadPageTest(java.lang.String, java.lang.String)[pri:0, instance:testclasses.admin.CsvUploadSingleTest@23ceabc1]" name="csvUploadLoadPageTest" class="testclasses.admin.CsvUploadSingleTest"/>
        <method signature="CsvUploadSingleTest.csvUploadLoadPageTest(java.lang.String, java.lang.String)[pri:0, instance:testclasses.admin.CsvUploadSingleTest@2ef5e5e3]" name="csvUploadLoadPageTest" class="testclasses.admin.CsvUploadSingleTest"/>
        <method signature="CsvUploadSingleTest.csvUploadLoadPageTest(java.lang.String, java.lang.String)[pri:0, instance:testclasses.admin.CsvUploadSingleTest@7f9a81e8]" name="csvUploadLoadPageTest" class="testclasses.admin.CsvUploadSingleTest"/>
        <method signature="CsvUploadSingleTest.csvUploadLoadPageTest(java.lang.String, java.lang.String)[pri:0, instance:testclasses.admin.CsvUploadSingleTest@7dc7cbad]" name="csvUploadLoadPageTest" class="testclasses.admin.CsvUploadSingleTest"/>
      </group> <!-- csv1 -->
    </groups>
    <test name="Candidate Search Test Cases" duration-ms="28941" started-at="2017-03-15T13:29:24Z" finished-at="2017-03-15T13:29:53Z">
      <class name="testclasses._public.CandidateSearchTest">
        <test-method status="PASS" signature="setUp()[pri:0, instance:testclasses._public.CandidateSearchTest@6108b2d7]" name="setUp" is-config="true" duration-ms="27521" started-at="2017-03-15T15:29:24Z" finished-at="2017-03-15T15:29:51Z">
          <reporter-output>
          </reporter-output>
        </test-method> <!-- setUp -->
        <test-method status="FAIL" signature="candidateSearchLoadPageTest()[pri:0, instance:testclasses._public.CandidateSearchTest@6108b2d7]" name="candidateSearchLoadPageTest" duration-ms="248" started-at="2017-03-15T15:29:51Z" finished-at="2017-03-15T15:29:52Z">
          <exception class="java.lang.NullPointerException">
            <full-stacktrace>
              <![CDATA[java.lang.NullPointerException
	at _utils.DataBaseInsert.deleteAllDataInDataBase(DataBaseInsert.java:56)
	at _utils.DataBaseInsert.insertDataToDataBaseFromFile(DataBaseInsert.java:39)
	at testclasses._public.CandidateSearchTest.candidateSearchLoadPageTest(CandidateSearchTest.java:24)
	at sun.reflect.NativeMethodAccessorImpl.invoke0(Native Method)
	at sun.reflect.NativeMethodAccessorImpl.invoke(NativeMethodAccessorImpl.java:62)
	at sun.reflect.DelegatingMethodAccessorImpl.invoke(DelegatingMethodAccessorImpl.java:43)
	at java.lang.reflect.Method.invoke(Method.java:498)
	at org.testng.internal.MethodInvocationHelper.invokeMethod(MethodInvocationHelper.java:86)
	at org.testng.internal.Invoker.invokeMethod(Invoker.java:643)
	at org.testng.internal.Invoker.invokeTestMethod(Invoker.java:820)
	at org.testng.internal.Invoker.invokeTestMethods(Invoker.java:1128)
	at org.testng.internal.TestMethodWorker.invokeTestMethods(TestMethodWorker.java:129)
	at org.testng.internal.TestMethodWorker.run(TestMethodWorker.java:112)
	at org.testng.TestRunner.privateRun(TestRunner.java:782)
	at org.testng.TestRunner.run(TestRunner.java:632)
	at org.testng.SuiteRunner.runTest(SuiteRunner.java:366)
	at org.testng.SuiteRunner.runSequentially(SuiteRunner.java:361)
	at org.testng.SuiteRunner.privateRun(SuiteRunner.java:319)
	at org.testng.SuiteRunner.run(SuiteRunner.java:268)
	at org.testng.SuiteRunnerWorker.runSuite(SuiteRunnerWorker.java:52)
	at org.testng.SuiteRunnerWorker.run(SuiteRunnerWorker.java:86)
	at org.testng.TestNG.runSuitesSequentially(TestNG.java:1244)
	at org.testng.TestNG.runSuitesLocally(TestNG.java:1169)
	at org.testng.TestNG.run(TestNG.java:1064)
	at org.apache.maven.surefire.testng.TestNGExecutor.run(TestNGExecutor.java:281)
	at org.apache.maven.surefire.testng.TestNGXmlTestSuite.execute(TestNGXmlTestSuite.java:75)
	at org.apache.maven.surefire.testng.TestNGProvider.invoke(TestNGProvider.java:121)
	at org.apache.maven.surefire.booter.ForkedBooter.invokeProviderInSameClassLoader(ForkedBooter.java:290)
	at org.apache.maven.surefire.booter.ForkedBooter.runSuitesInProcess(ForkedBooter.java:242)
	at org.apache.maven.surefire.booter.ForkedBooter.main(ForkedBooter.java:121)
]]>
            </full-stacktrace>
          </exception> <!-- java.lang.NullPointerException -->
          <reporter-output>
          </reporter-output>
        </test-method> <!-- candidateSearchLoadPageTest -->
        <test-method status="SKIP" signature="candidateSearchByNameTest(java.lang.String)[pri:0, instance:testclasses._public.CandidateSearchTest@6108b2d7]" name="candidateSearchByNameTest" duration-ms="0" started-at="2017-03-15T15:29:52Z" depends-on-methods="testclasses._public.CandidateSearchTest.candidateSearchLoadPageTest" finished-at="2017-03-15T15:29:52Z">
          <exception class="java.lang.Throwable">
            <message>
              <![CDATA[Method CandidateSearchTest.candidateSearchByNameTest(java.lang.String)[pri:0, instance:testclasses._public.CandidateSearchTest@6108b2d7] depends on not successfully finished methods]]>
            </message>
            <full-stacktrace>
              <![CDATA[java.lang.Throwable: Method CandidateSearchTest.candidateSearchByNameTest(java.lang.String)[pri:0, instance:testclasses._public.CandidateSearchTest@6108b2d7] depends on not successfully finished methods
	at org.testng.internal.Invoker.invokeTestMethods(Invoker.java:1037)
	at org.testng.internal.TestMethodWorker.invokeTestMethods(TestMethodWorker.java:129)
	at org.testng.internal.TestMethodWorker.run(TestMethodWorker.java:112)
	at org.testng.TestRunner.privateRun(TestRunner.java:782)
	at org.testng.TestRunner.run(TestRunner.java:632)
	at org.testng.SuiteRunner.runTest(SuiteRunner.java:366)
	at org.testng.SuiteRunner.runSequentially(SuiteRunner.java:361)
	at org.testng.SuiteRunner.privateRun(SuiteRunner.java:319)
	at org.testng.SuiteRunner.run(SuiteRunner.java:268)
	at org.testng.SuiteRunnerWorker.runSuite(SuiteRunnerWorker.java:52)
	at org.testng.SuiteRunnerWorker.run(SuiteRunnerWorker.java:86)
	at org.testng.TestNG.runSuitesSequentially(TestNG.java:1244)
	at org.testng.TestNG.runSuitesLocally(TestNG.java:1169)
	at org.testng.TestNG.run(TestNG.java:1064)
	at org.apache.maven.surefire.testng.TestNGExecutor.run(TestNGExecutor.java:281)
	at org.apache.maven.surefire.testng.TestNGXmlTestSuite.execute(TestNGXmlTestSuite.java:75)
	at org.apache.maven.surefire.testng.TestNGProvider.invoke(TestNGProvider.java:121)
	at org.apache.maven.surefire.booter.ForkedBooter.invokeProviderInSameClassLoader(ForkedBooter.java:290)
	at org.apache.maven.surefire.booter.ForkedBooter.runSuitesInProcess(ForkedBooter.java:242)
	at org.apache.maven.surefire.booter.ForkedBooter.main(ForkedBooter.java:121)
]]>
            </full-stacktrace>
          </exception> <!-- java.lang.Throwable -->
          <reporter-output>
          </reporter-output>
        </test-method> <!-- candidateSearchByNameTest -->
        <test-method status="SKIP" signature="candidateSearchByPartyTest(java.lang.String)[pri:0, instance:testclasses._public.CandidateSearchTest@6108b2d7]" name="candidateSearchByPartyTest" duration-ms="0" started-at="2017-03-15T15:29:52Z" depends-on-methods="testclasses._public.CandidateSearchTest.candidateSearchLoadPageTest" finished-at="2017-03-15T15:29:52Z">
          <exception class="java.lang.Throwable">
            <message>
              <![CDATA[Method CandidateSearchTest.candidateSearchByPartyTest(java.lang.String)[pri:0, instance:testclasses._public.CandidateSearchTest@6108b2d7] depends on not successfully finished methods]]>
            </message>
            <full-stacktrace>
              <![CDATA[java.lang.Throwable: Method CandidateSearchTest.candidateSearchByPartyTest(java.lang.String)[pri:0, instance:testclasses._public.CandidateSearchTest@6108b2d7] depends on not successfully finished methods
	at org.testng.internal.Invoker.invokeTestMethods(Invoker.java:1037)
	at org.testng.internal.TestMethodWorker.invokeTestMethods(TestMethodWorker.java:129)
	at org.testng.internal.TestMethodWorker.run(TestMethodWorker.java:112)
	at org.testng.TestRunner.privateRun(TestRunner.java:782)
	at org.testng.TestRunner.run(TestRunner.java:632)
	at org.testng.SuiteRunner.runTest(SuiteRunner.java:366)
	at org.testng.SuiteRunner.runSequentially(SuiteRunner.java:361)
	at org.testng.SuiteRunner.privateRun(SuiteRunner.java:319)
	at org.testng.SuiteRunner.run(SuiteRunner.java:268)
	at org.testng.SuiteRunnerWorker.runSuite(SuiteRunnerWorker.java:52)
	at org.testng.SuiteRunnerWorker.run(SuiteRunnerWorker.java:86)
	at org.testng.TestNG.runSuitesSequentially(TestNG.java:1244)
	at org.testng.TestNG.runSuitesLocally(TestNG.java:1169)
	at org.testng.TestNG.run(TestNG.java:1064)
	at org.apache.maven.surefire.testng.TestNGExecutor.run(TestNGExecutor.java:281)
	at org.apache.maven.surefire.testng.TestNGXmlTestSuite.execute(TestNGXmlTestSuite.java:75)
	at org.apache.maven.surefire.testng.TestNGProvider.invoke(TestNGProvider.java:121)
	at org.apache.maven.surefire.booter.ForkedBooter.invokeProviderInSameClassLoader(ForkedBooter.java:290)
	at org.apache.maven.surefire.booter.ForkedBooter.runSuitesInProcess(ForkedBooter.java:242)
	at org.apache.maven.surefire.booter.ForkedBooter.main(ForkedBooter.java:121)
]]>
            </full-stacktrace>
          </exception> <!-- java.lang.Throwable -->
          <reporter-output>
          </reporter-output>
        </test-method> <!-- candidateSearchByPartyTest -->
        <test-method status="SKIP" signature="candidateSearchByAbbreviationTest(java.lang.String)[pri:0, instance:testclasses._public.CandidateSearchTest@6108b2d7]" name="candidateSearchByAbbreviationTest" duration-ms="1" started-at="2017-03-15T15:29:52Z" depends-on-methods="testclasses._public.CandidateSearchTest.candidateSearchLoadPageTest" finished-at="2017-03-15T15:29:52Z">
          <exception class="java.lang.Throwable">
            <message>
              <![CDATA[Method CandidateSearchTest.candidateSearchByAbbreviationTest(java.lang.String)[pri:0, instance:testclasses._public.CandidateSearchTest@6108b2d7] depends on not successfully finished methods]]>
            </message>
            <full-stacktrace>
              <![CDATA[java.lang.Throwable: Method CandidateSearchTest.candidateSearchByAbbreviationTest(java.lang.String)[pri:0, instance:testclasses._public.CandidateSearchTest@6108b2d7] depends on not successfully finished methods
	at org.testng.internal.Invoker.invokeTestMethods(Invoker.java:1037)
	at org.testng.internal.TestMethodWorker.invokeTestMethods(TestMethodWorker.java:129)
	at org.testng.internal.TestMethodWorker.run(TestMethodWorker.java:112)
	at org.testng.TestRunner.privateRun(TestRunner.java:782)
	at org.testng.TestRunner.run(TestRunner.java:632)
	at org.testng.SuiteRunner.runTest(SuiteRunner.java:366)
	at org.testng.SuiteRunner.runSequentially(SuiteRunner.java:361)
	at org.testng.SuiteRunner.privateRun(SuiteRunner.java:319)
	at org.testng.SuiteRunner.run(SuiteRunner.java:268)
	at org.testng.SuiteRunnerWorker.runSuite(SuiteRunnerWorker.java:52)
	at org.testng.SuiteRunnerWorker.run(SuiteRunnerWorker.java:86)
	at org.testng.TestNG.runSuitesSequentially(TestNG.java:1244)
	at org.testng.TestNG.runSuitesLocally(TestNG.java:1169)
	at org.testng.TestNG.run(TestNG.java:1064)
	at org.apache.maven.surefire.testng.TestNGExecutor.run(TestNGExecutor.java:281)
	at org.apache.maven.surefire.testng.TestNGXmlTestSuite.execute(TestNGXmlTestSuite.java:75)
	at org.apache.maven.surefire.testng.TestNGProvider.invoke(TestNGProvider.java:121)
	at org.apache.maven.surefire.booter.ForkedBooter.invokeProviderInSameClassLoader(ForkedBooter.java:290)
	at org.apache.maven.surefire.booter.ForkedBooter.runSuitesInProcess(ForkedBooter.java:242)
	at org.apache.maven.surefire.booter.ForkedBooter.main(ForkedBooter.java:121)
]]>
            </full-stacktrace>
          </exception> <!-- java.lang.Throwable -->
          <reporter-output>
          </reporter-output>
        </test-method> <!-- candidateSearchByAbbreviationTest -->
        <test-method status="SKIP" signature="candidateSearchBySurnameTest(java.lang.String)[pri:0, instance:testclasses._public.CandidateSearchTest@6108b2d7]" name="candidateSearchBySurnameTest" duration-ms="0" started-at="2017-03-15T15:29:52Z" depends-on-methods="testclasses._public.CandidateSearchTest.candidateSearchLoadPageTest" finished-at="2017-03-15T15:29:52Z">
          <exception class="java.lang.Throwable">
            <message>
              <![CDATA[Method CandidateSearchTest.candidateSearchBySurnameTest(java.lang.String)[pri:0, instance:testclasses._public.CandidateSearchTest@6108b2d7] depends on not successfully finished methods]]>
            </message>
            <full-stacktrace>
              <![CDATA[java.lang.Throwable: Method CandidateSearchTest.candidateSearchBySurnameTest(java.lang.String)[pri:0, instance:testclasses._public.CandidateSearchTest@6108b2d7] depends on not successfully finished methods
	at org.testng.internal.Invoker.invokeTestMethods(Invoker.java:1037)
	at org.testng.internal.TestMethodWorker.invokeTestMethods(TestMethodWorker.java:129)
	at org.testng.internal.TestMethodWorker.run(TestMethodWorker.java:112)
	at org.testng.TestRunner.privateRun(TestRunner.java:782)
	at org.testng.TestRunner.run(TestRunner.java:632)
	at org.testng.SuiteRunner.runTest(SuiteRunner.java:366)
	at org.testng.SuiteRunner.runSequentially(SuiteRunner.java:361)
	at org.testng.SuiteRunner.privateRun(SuiteRunner.java:319)
	at org.testng.SuiteRunner.run(SuiteRunner.java:268)
	at org.testng.SuiteRunnerWorker.runSuite(SuiteRunnerWorker.java:52)
	at org.testng.SuiteRunnerWorker.run(SuiteRunnerWorker.java:86)
	at org.testng.TestNG.runSuitesSequentially(TestNG.java:1244)
	at org.testng.TestNG.runSuitesLocally(TestNG.java:1169)
	at org.testng.TestNG.run(TestNG.java:1064)
	at org.apache.maven.surefire.testng.TestNGExecutor.run(TestNGExecutor.java:281)
	at org.apache.maven.surefire.testng.TestNGXmlTestSuite.execute(TestNGXmlTestSuite.java:75)
	at org.apache.maven.surefire.testng.TestNGProvider.invoke(TestNGProvider.java:121)
	at org.apache.maven.surefire.booter.ForkedBooter.invokeProviderInSameClassLoader(ForkedBooter.java:290)
	at org.apache.maven.surefire.booter.ForkedBooter.runSuitesInProcess(ForkedBooter.java:242)
	at org.apache.maven.surefire.booter.ForkedBooter.main(ForkedBooter.java:121)
]]>
            </full-stacktrace>
          </exception> <!-- java.lang.Throwable -->
          <reporter-output>
          </reporter-output>
        </test-method> <!-- candidateSearchBySurnameTest -->
        <test-method status="SKIP" signature="candidateSearchByConstituencyTest(java.lang.String)[pri:0, instance:testclasses._public.CandidateSearchTest@6108b2d7]" name="candidateSearchByConstituencyTest" duration-ms="0" started-at="2017-03-15T15:29:52Z" depends-on-methods="testclasses._public.CandidateSearchTest.candidateSearchLoadPageTest" finished-at="2017-03-15T15:29:52Z">
          <exception class="java.lang.Throwable">
            <message>
              <![CDATA[Method CandidateSearchTest.candidateSearchByConstituencyTest(java.lang.String)[pri:0, instance:testclasses._public.CandidateSearchTest@6108b2d7] depends on not successfully finished methods]]>
            </message>
            <full-stacktrace>
              <![CDATA[java.lang.Throwable: Method CandidateSearchTest.candidateSearchByConstituencyTest(java.lang.String)[pri:0, instance:testclasses._public.CandidateSearchTest@6108b2d7] depends on not successfully finished methods
	at org.testng.internal.Invoker.invokeTestMethods(Invoker.java:1037)
	at org.testng.internal.TestMethodWorker.invokeTestMethods(TestMethodWorker.java:129)
	at org.testng.internal.TestMethodWorker.run(TestMethodWorker.java:112)
	at org.testng.TestRunner.privateRun(TestRunner.java:782)
	at org.testng.TestRunner.run(TestRunner.java:632)
	at org.testng.SuiteRunner.runTest(SuiteRunner.java:366)
	at org.testng.SuiteRunner.runSequentially(SuiteRunner.java:361)
	at org.testng.SuiteRunner.privateRun(SuiteRunner.java:319)
	at org.testng.SuiteRunner.run(SuiteRunner.java:268)
	at org.testng.SuiteRunnerWorker.runSuite(SuiteRunnerWorker.java:52)
	at org.testng.SuiteRunnerWorker.run(SuiteRunnerWorker.java:86)
	at org.testng.TestNG.runSuitesSequentially(TestNG.java:1244)
	at org.testng.TestNG.runSuitesLocally(TestNG.java:1169)
	at org.testng.TestNG.run(TestNG.java:1064)
	at org.apache.maven.surefire.testng.TestNGExecutor.run(TestNGExecutor.java:281)
	at org.apache.maven.surefire.testng.TestNGXmlTestSuite.execute(TestNGXmlTestSuite.java:75)
	at org.apache.maven.surefire.testng.TestNGProvider.invoke(TestNGProvider.java:121)
	at org.apache.maven.surefire.booter.ForkedBooter.invokeProviderInSameClassLoader(ForkedBooter.java:290)
	at org.apache.maven.surefire.booter.ForkedBooter.runSuitesInProcess(ForkedBooter.java:242)
	at org.apache.maven.surefire.booter.ForkedBooter.main(ForkedBooter.java:121)
]]>
            </full-stacktrace>
          </exception> <!-- java.lang.Throwable -->
          <reporter-output>
          </reporter-output>
        </test-method> <!-- candidateSearchByConstituencyTest -->
        <test-method status="PASS" signature="tearDown()[pri:0, instance:testclasses._public.CandidateSearchTest@6108b2d7]" name="tearDown" is-config="true" duration-ms="1070" started-at="2017-03-15T15:29:52Z" finished-at="2017-03-15T15:29:53Z">
          <reporter-output>
          </reporter-output>
        </test-method> <!-- tearDown -->
      </class> <!-- testclasses._public.CandidateSearchTest -->
    </test> <!-- Candidate Search Test Cases -->
    <test name="Results For Public Viewers Preview Single Test Cases" duration-ms="5091" started-at="2017-03-15T13:29:53Z" finished-at="2017-03-15T13:29:58Z">
      <class name="testclasses._public.PublicResultsSingleTest">
        <test-method status="PASS" signature="setUp()[pri:0, instance:testclasses._public.PublicResultsSingleTest@13fee20c]" name="setUp" is-config="true" duration-ms="4943" started-at="2017-03-15T15:29:53Z" finished-at="2017-03-15T15:29:58Z">
          <reporter-output>
          </reporter-output>
        </test-method> <!-- setUp -->
        <test-method status="FAIL" signature="resultPreviewSingleTest()[pri:0, instance:testclasses._public.PublicResultsSingleTest@13fee20c]" name="resultPreviewSingleTest" duration-ms="1" started-at="2017-03-15T15:29:58Z" finished-at="2017-03-15T15:29:58Z">
          <exception class="java.lang.NullPointerException">
            <full-stacktrace>
              <![CDATA[java.lang.NullPointerException
	at _utils.DataBaseInsert.deleteAllDataInDataBase(DataBaseInsert.java:56)
	at _utils.DataBaseInsert.insertDataToDataBaseFromFile(DataBaseInsert.java:39)
	at testclasses._public.PublicResultsSingleTest.resultPreviewSingleTest(PublicResultsSingleTest.java:23)
	at sun.reflect.NativeMethodAccessorImpl.invoke0(Native Method)
	at sun.reflect.NativeMethodAccessorImpl.invoke(NativeMethodAccessorImpl.java:62)
	at sun.reflect.DelegatingMethodAccessorImpl.invoke(DelegatingMethodAccessorImpl.java:43)
	at java.lang.reflect.Method.invoke(Method.java:498)
	at org.testng.internal.MethodInvocationHelper.invokeMethod(MethodInvocationHelper.java:86)
	at org.testng.internal.Invoker.invokeMethod(Invoker.java:643)
	at org.testng.internal.Invoker.invokeTestMethod(Invoker.java:820)
	at org.testng.internal.Invoker.invokeTestMethods(Invoker.java:1128)
	at org.testng.internal.TestMethodWorker.invokeTestMethods(TestMethodWorker.java:129)
	at org.testng.internal.TestMethodWorker.run(TestMethodWorker.java:112)
	at org.testng.TestRunner.privateRun(TestRunner.java:782)
	at org.testng.TestRunner.run(TestRunner.java:632)
	at org.testng.SuiteRunner.runTest(SuiteRunner.java:366)
	at org.testng.SuiteRunner.runSequentially(SuiteRunner.java:361)
	at org.testng.SuiteRunner.privateRun(SuiteRunner.java:319)
	at org.testng.SuiteRunner.run(SuiteRunner.java:268)
	at org.testng.SuiteRunnerWorker.runSuite(SuiteRunnerWorker.java:52)
	at org.testng.SuiteRunnerWorker.run(SuiteRunnerWorker.java:86)
	at org.testng.TestNG.runSuitesSequentially(TestNG.java:1244)
	at org.testng.TestNG.runSuitesLocally(TestNG.java:1169)
	at org.testng.TestNG.run(TestNG.java:1064)
	at org.apache.maven.surefire.testng.TestNGExecutor.run(TestNGExecutor.java:281)
	at org.apache.maven.surefire.testng.TestNGXmlTestSuite.execute(TestNGXmlTestSuite.java:75)
	at org.apache.maven.surefire.testng.TestNGProvider.invoke(TestNGProvider.java:121)
	at org.apache.maven.surefire.booter.ForkedBooter.invokeProviderInSameClassLoader(ForkedBooter.java:290)
	at org.apache.maven.surefire.booter.ForkedBooter.runSuitesInProcess(ForkedBooter.java:242)
	at org.apache.maven.surefire.booter.ForkedBooter.main(ForkedBooter.java:121)
]]>
            </full-stacktrace>
          </exception> <!-- java.lang.NullPointerException -->
          <reporter-output>
          </reporter-output>
        </test-method> <!-- resultPreviewSingleTest -->
        <test-method status="SKIP" signature="resultPreviewForSingleConsituencyDistrictTest()[pri:0, instance:testclasses._public.PublicResultsSingleTest@13fee20c]" name="resultPreviewForSingleConsituencyDistrictTest" duration-ms="0" started-at="2017-03-15T15:29:58Z" depends-on-methods="testclasses._public.PublicResultsSingleTest.resultPreviewForSingleConsituencyTest" finished-at="2017-03-15T15:29:58Z">
          <exception class="java.lang.Throwable">
            <message>
              <![CDATA[Method PublicResultsSingleTest.resultPreviewForSingleConsituencyDistrictTest()[pri:0, instance:testclasses._public.PublicResultsSingleTest@13fee20c] depends on not successfully finished methods]]>
            </message>
            <full-stacktrace>
              <![CDATA[java.lang.Throwable: Method PublicResultsSingleTest.resultPreviewForSingleConsituencyDistrictTest()[pri:0, instance:testclasses._public.PublicResultsSingleTest@13fee20c] depends on not successfully finished methods
	at org.testng.internal.Invoker.invokeTestMethods(Invoker.java:1037)
	at org.testng.internal.TestMethodWorker.invokeTestMethods(TestMethodWorker.java:129)
	at org.testng.internal.TestMethodWorker.run(TestMethodWorker.java:112)
	at org.testng.TestRunner.privateRun(TestRunner.java:782)
	at org.testng.TestRunner.run(TestRunner.java:632)
	at org.testng.SuiteRunner.runTest(SuiteRunner.java:366)
	at org.testng.SuiteRunner.runSequentially(SuiteRunner.java:361)
	at org.testng.SuiteRunner.privateRun(SuiteRunner.java:319)
	at org.testng.SuiteRunner.run(SuiteRunner.java:268)
	at org.testng.SuiteRunnerWorker.runSuite(SuiteRunnerWorker.java:52)
	at org.testng.SuiteRunnerWorker.run(SuiteRunnerWorker.java:86)
	at org.testng.TestNG.runSuitesSequentially(TestNG.java:1244)
	at org.testng.TestNG.runSuitesLocally(TestNG.java:1169)
	at org.testng.TestNG.run(TestNG.java:1064)
	at org.apache.maven.surefire.testng.TestNGExecutor.run(TestNGExecutor.java:281)
	at org.apache.maven.surefire.testng.TestNGXmlTestSuite.execute(TestNGXmlTestSuite.java:75)
	at org.apache.maven.surefire.testng.TestNGProvider.invoke(TestNGProvider.java:121)
	at org.apache.maven.surefire.booter.ForkedBooter.invokeProviderInSameClassLoader(ForkedBooter.java:290)
	at org.apache.maven.surefire.booter.ForkedBooter.runSuitesInProcess(ForkedBooter.java:242)
	at org.apache.maven.surefire.booter.ForkedBooter.main(ForkedBooter.java:121)
]]>
            </full-stacktrace>
          </exception> <!-- java.lang.Throwable -->
          <reporter-output>
          </reporter-output>
        </test-method> <!-- resultPreviewForSingleConsituencyDistrictTest -->
        <test-method status="PASS" signature="tearDown()[pri:0, instance:testclasses._public.PublicResultsSingleTest@13fee20c]" name="tearDown" is-config="true" duration-ms="145" started-at="2017-03-15T15:29:58Z" finished-at="2017-03-15T15:29:58Z">
          <reporter-output>
          </reporter-output>
        </test-method> <!-- tearDown -->
        <test-method status="SKIP" signature="resultPreviewForSingleConsituencyTest()[pri:0, instance:testclasses._public.PublicResultsSingleTest@13fee20c]" name="resultPreviewForSingleConsituencyTest" duration-ms="0" started-at="2017-03-15T15:29:58Z" depends-on-methods="testclasses._public.PublicResultsSingleTest.resultPreviewSingleTest" finished-at="2017-03-15T15:29:58Z">
          <exception class="java.lang.Throwable">
            <message>
              <![CDATA[Method PublicResultsSingleTest.resultPreviewForSingleConsituencyTest()[pri:0, instance:testclasses._public.PublicResultsSingleTest@13fee20c] depends on not successfully finished methods]]>
            </message>
            <full-stacktrace>
              <![CDATA[java.lang.Throwable: Method PublicResultsSingleTest.resultPreviewForSingleConsituencyTest()[pri:0, instance:testclasses._public.PublicResultsSingleTest@13fee20c] depends on not successfully finished methods
	at org.testng.internal.Invoker.invokeTestMethods(Invoker.java:1037)
	at org.testng.internal.TestMethodWorker.invokeTestMethods(TestMethodWorker.java:129)
	at org.testng.internal.TestMethodWorker.run(TestMethodWorker.java:112)
	at org.testng.TestRunner.privateRun(TestRunner.java:782)
	at org.testng.TestRunner.run(TestRunner.java:632)
	at org.testng.SuiteRunner.runTest(SuiteRunner.java:366)
	at org.testng.SuiteRunner.runSequentially(SuiteRunner.java:361)
	at org.testng.SuiteRunner.privateRun(SuiteRunner.java:319)
	at org.testng.SuiteRunner.run(SuiteRunner.java:268)
	at org.testng.SuiteRunnerWorker.runSuite(SuiteRunnerWorker.java:52)
	at org.testng.SuiteRunnerWorker.run(SuiteRunnerWorker.java:86)
	at org.testng.TestNG.runSuitesSequentially(TestNG.java:1244)
	at org.testng.TestNG.runSuitesLocally(TestNG.java:1169)
	at org.testng.TestNG.run(TestNG.java:1064)
	at org.apache.maven.surefire.testng.TestNGExecutor.run(TestNGExecutor.java:281)
	at org.apache.maven.surefire.testng.TestNGXmlTestSuite.execute(TestNGXmlTestSuite.java:75)
	at org.apache.maven.surefire.testng.TestNGProvider.invoke(TestNGProvider.java:121)
	at org.apache.maven.surefire.booter.ForkedBooter.invokeProviderInSameClassLoader(ForkedBooter.java:290)
	at org.apache.maven.surefire.booter.ForkedBooter.runSuitesInProcess(ForkedBooter.java:242)
	at org.apache.maven.surefire.booter.ForkedBooter.main(ForkedBooter.java:121)
]]>
            </full-stacktrace>
          </exception> <!-- java.lang.Throwable -->
          <reporter-output>
          </reporter-output>
        </test-method> <!-- resultPreviewForSingleConsituencyTest -->
      </class> <!-- testclasses._public.PublicResultsSingleTest -->
    </test> <!-- Results For Public Viewers Preview Single Test Cases -->
    <test name="Results For Public Viewers Preview Multi Test Cases" duration-ms="1741" started-at="2017-03-15T13:29:58Z" finished-at="2017-03-15T13:30:00Z">
      <class name="testclasses._public.PublicResultsMultiTest">
        <test-method status="PASS" signature="setUp()[pri:0, instance:testclasses._public.PublicResultsMultiTest@246ae04d]" name="setUp" is-config="true" duration-ms="1598" started-at="2017-03-15T15:29:58Z" finished-at="2017-03-15T15:30:00Z">
          <reporter-output>
          </reporter-output>
        </test-method> <!-- setUp -->
        <test-method status="FAIL" signature="resultPreviewMultiTest()[pri:0, instance:testclasses._public.PublicResultsMultiTest@246ae04d]" name="resultPreviewMultiTest" duration-ms="2" started-at="2017-03-15T15:30:00Z" finished-at="2017-03-15T15:30:00Z">
          <exception class="java.lang.NullPointerException">
            <full-stacktrace>
              <![CDATA[java.lang.NullPointerException
	at _utils.DataBaseInsert.deleteAllDataInDataBase(DataBaseInsert.java:56)
	at _utils.DataBaseInsert.insertDataToDataBaseFromFile(DataBaseInsert.java:39)
	at testclasses._public.PublicResultsMultiTest.resultPreviewMultiTest(PublicResultsMultiTest.java:24)
	at sun.reflect.NativeMethodAccessorImpl.invoke0(Native Method)
	at sun.reflect.NativeMethodAccessorImpl.invoke(NativeMethodAccessorImpl.java:62)
	at sun.reflect.DelegatingMethodAccessorImpl.invoke(DelegatingMethodAccessorImpl.java:43)
	at java.lang.reflect.Method.invoke(Method.java:498)
	at org.testng.internal.MethodInvocationHelper.invokeMethod(MethodInvocationHelper.java:86)
	at org.testng.internal.Invoker.invokeMethod(Invoker.java:643)
	at org.testng.internal.Invoker.invokeTestMethod(Invoker.java:820)
	at org.testng.internal.Invoker.invokeTestMethods(Invoker.java:1128)
	at org.testng.internal.TestMethodWorker.invokeTestMethods(TestMethodWorker.java:129)
	at org.testng.internal.TestMethodWorker.run(TestMethodWorker.java:112)
	at org.testng.TestRunner.privateRun(TestRunner.java:782)
	at org.testng.TestRunner.run(TestRunner.java:632)
	at org.testng.SuiteRunner.runTest(SuiteRunner.java:366)
	at org.testng.SuiteRunner.runSequentially(SuiteRunner.java:361)
	at org.testng.SuiteRunner.privateRun(SuiteRunner.java:319)
	at org.testng.SuiteRunner.run(SuiteRunner.java:268)
	at org.testng.SuiteRunnerWorker.runSuite(SuiteRunnerWorker.java:52)
	at org.testng.SuiteRunnerWorker.run(SuiteRunnerWorker.java:86)
	at org.testng.TestNG.runSuitesSequentially(TestNG.java:1244)
	at org.testng.TestNG.runSuitesLocally(TestNG.java:1169)
	at org.testng.TestNG.run(TestNG.java:1064)
	at org.apache.maven.surefire.testng.TestNGExecutor.run(TestNGExecutor.java:281)
	at org.apache.maven.surefire.testng.TestNGXmlTestSuite.execute(TestNGXmlTestSuite.java:75)
	at org.apache.maven.surefire.testng.TestNGProvider.invoke(TestNGProvider.java:121)
	at org.apache.maven.surefire.booter.ForkedBooter.invokeProviderInSameClassLoader(ForkedBooter.java:290)
	at org.apache.maven.surefire.booter.ForkedBooter.runSuitesInProcess(ForkedBooter.java:242)
	at org.apache.maven.surefire.booter.ForkedBooter.main(ForkedBooter.java:121)
]]>
            </full-stacktrace>
          </exception> <!-- java.lang.NullPointerException -->
          <reporter-output>
          </reporter-output>
        </test-method> <!-- resultPreviewMultiTest -->
        <test-method status="SKIP" signature="resultPreviewForMultiConsituencyDistrictTest()[pri:0, instance:testclasses._public.PublicResultsMultiTest@246ae04d]" name="resultPreviewForMultiConsituencyDistrictTest" duration-ms="0" started-at="2017-03-15T15:30:00Z" depends-on-methods="testclasses._public.PublicResultsMultiTest.resultPreviewForMultiConsituencyTest" finished-at="2017-03-15T15:30:00Z">
          <exception class="java.lang.Throwable">
            <message>
              <![CDATA[Method PublicResultsMultiTest.resultPreviewForMultiConsituencyDistrictTest()[pri:0, instance:testclasses._public.PublicResultsMultiTest@246ae04d] depends on not successfully finished methods]]>
            </message>
            <full-stacktrace>
              <![CDATA[java.lang.Throwable: Method PublicResultsMultiTest.resultPreviewForMultiConsituencyDistrictTest()[pri:0, instance:testclasses._public.PublicResultsMultiTest@246ae04d] depends on not successfully finished methods
	at org.testng.internal.Invoker.invokeTestMethods(Invoker.java:1037)
	at org.testng.internal.TestMethodWorker.invokeTestMethods(TestMethodWorker.java:129)
	at org.testng.internal.TestMethodWorker.run(TestMethodWorker.java:112)
	at org.testng.TestRunner.privateRun(TestRunner.java:782)
	at org.testng.TestRunner.run(TestRunner.java:632)
	at org.testng.SuiteRunner.runTest(SuiteRunner.java:366)
	at org.testng.SuiteRunner.runSequentially(SuiteRunner.java:361)
	at org.testng.SuiteRunner.privateRun(SuiteRunner.java:319)
	at org.testng.SuiteRunner.run(SuiteRunner.java:268)
	at org.testng.SuiteRunnerWorker.runSuite(SuiteRunnerWorker.java:52)
	at org.testng.SuiteRunnerWorker.run(SuiteRunnerWorker.java:86)
	at org.testng.TestNG.runSuitesSequentially(TestNG.java:1244)
	at org.testng.TestNG.runSuitesLocally(TestNG.java:1169)
	at org.testng.TestNG.run(TestNG.java:1064)
	at org.apache.maven.surefire.testng.TestNGExecutor.run(TestNGExecutor.java:281)
	at org.apache.maven.surefire.testng.TestNGXmlTestSuite.execute(TestNGXmlTestSuite.java:75)
	at org.apache.maven.surefire.testng.TestNGProvider.invoke(TestNGProvider.java:121)
	at org.apache.maven.surefire.booter.ForkedBooter.invokeProviderInSameClassLoader(ForkedBooter.java:290)
	at org.apache.maven.surefire.booter.ForkedBooter.runSuitesInProcess(ForkedBooter.java:242)
	at org.apache.maven.surefire.booter.ForkedBooter.main(ForkedBooter.java:121)
]]>
            </full-stacktrace>
          </exception> <!-- java.lang.Throwable -->
          <reporter-output>
          </reporter-output>
        </test-method> <!-- resultPreviewForMultiConsituencyDistrictTest -->
        <test-method status="SKIP" signature="resultPreviewForMultiConsituencyTest()[pri:0, instance:testclasses._public.PublicResultsMultiTest@246ae04d]" name="resultPreviewForMultiConsituencyTest" duration-ms="0" started-at="2017-03-15T15:30:00Z" depends-on-methods="testclasses._public.PublicResultsMultiTest.resultPreviewMultiTest" finished-at="2017-03-15T15:30:00Z">
          <exception class="java.lang.Throwable">
            <message>
              <![CDATA[Method PublicResultsMultiTest.resultPreviewForMultiConsituencyTest()[pri:0, instance:testclasses._public.PublicResultsMultiTest@246ae04d] depends on not successfully finished methods]]>
            </message>
            <full-stacktrace>
              <![CDATA[java.lang.Throwable: Method PublicResultsMultiTest.resultPreviewForMultiConsituencyTest()[pri:0, instance:testclasses._public.PublicResultsMultiTest@246ae04d] depends on not successfully finished methods
	at org.testng.internal.Invoker.invokeTestMethods(Invoker.java:1037)
	at org.testng.internal.TestMethodWorker.invokeTestMethods(TestMethodWorker.java:129)
	at org.testng.internal.TestMethodWorker.run(TestMethodWorker.java:112)
	at org.testng.TestRunner.privateRun(TestRunner.java:782)
	at org.testng.TestRunner.run(TestRunner.java:632)
	at org.testng.SuiteRunner.runTest(SuiteRunner.java:366)
	at org.testng.SuiteRunner.runSequentially(SuiteRunner.java:361)
	at org.testng.SuiteRunner.privateRun(SuiteRunner.java:319)
	at org.testng.SuiteRunner.run(SuiteRunner.java:268)
	at org.testng.SuiteRunnerWorker.runSuite(SuiteRunnerWorker.java:52)
	at org.testng.SuiteRunnerWorker.run(SuiteRunnerWorker.java:86)
	at org.testng.TestNG.runSuitesSequentially(TestNG.java:1244)
	at org.testng.TestNG.runSuitesLocally(TestNG.java:1169)
	at org.testng.TestNG.run(TestNG.java:1064)
	at org.apache.maven.surefire.testng.TestNGExecutor.run(TestNGExecutor.java:281)
	at org.apache.maven.surefire.testng.TestNGXmlTestSuite.execute(TestNGXmlTestSuite.java:75)
	at org.apache.maven.surefire.testng.TestNGProvider.invoke(TestNGProvider.java:121)
	at org.apache.maven.surefire.booter.ForkedBooter.invokeProviderInSameClassLoader(ForkedBooter.java:290)
	at org.apache.maven.surefire.booter.ForkedBooter.runSuitesInProcess(ForkedBooter.java:242)
	at org.apache.maven.surefire.booter.ForkedBooter.main(ForkedBooter.java:121)
]]>
            </full-stacktrace>
          </exception> <!-- java.lang.Throwable -->
          <reporter-output>
          </reporter-output>
        </test-method> <!-- resultPreviewForMultiConsituencyTest -->
        <test-method status="PASS" signature="tearDown()[pri:0, instance:testclasses._public.PublicResultsMultiTest@246ae04d]" name="tearDown" is-config="true" duration-ms="139" started-at="2017-03-15T15:30:00Z" finished-at="2017-03-15T15:30:00Z">
          <reporter-output>
          </reporter-output>
        </test-method> <!-- tearDown -->
      </class> <!-- testclasses._public.PublicResultsMultiTest -->
    </test> <!-- Results For Public Viewers Preview Multi Test Cases -->
    <test name="Representative Login Test Cases" duration-ms="9193" started-at="2017-03-15T13:30:00Z" finished-at="2017-03-15T13:30:09Z">
      <class name="testclasses.rep.RepresentativeLoginTest">
        <test-method status="PASS" signature="setUp()[pri:0, instance:testclasses.rep.RepresentativeLoginTest@6fb554cc]" name="setUp" is-config="true" duration-ms="1564" started-at="2017-03-15T15:30:00Z" finished-at="2017-03-15T15:30:01Z">
          <reporter-output>
          </reporter-output>
        </test-method> <!-- setUp -->
        <test-method status="PASS" signature="testLoginPage(java.lang.String, java.lang.String, java.lang.String)[pri:0, instance:testclasses.rep.RepresentativeLoginTest@6fb554cc]" name="testLoginPage" duration-ms="5371" started-at="2017-03-15T15:30:01Z" data-provider="RepresentativeLoginWithValidation" finished-at="2017-03-15T15:30:07Z">
          <params>
            <param index="0">
              <value>
                <![CDATA[ZV]]>
              </value>
            </param>
            <param index="1">
              <value>
                <![CDATA[123]]>
              </value>
            </param>
            <param index="2">
              <value is-null="true"/>
            </param>
          </params>
          <reporter-output>
          </reporter-output>
        </test-method> <!-- testLoginPage -->
        <test-method status="PASS" signature="testLoginPage(java.lang.String, java.lang.String, java.lang.String)[pri:0, instance:testclasses.rep.RepresentativeLoginTest@6fb554cc]" name="testLoginPage" duration-ms="1807" started-at="2017-03-15T15:30:07Z" data-provider="RepresentativeLoginWithValidation" finished-at="2017-03-15T15:30:09Z">
          <params>
            <param index="0">
              <value>
                <![CDATA[]]>
              </value>
            </param>
            <param index="1">
              <value>
                <![CDATA[123]]>
              </value>
            </param>
            <param index="2">
              <value>
                <![CDATA[Neteisingas prisijungimo vardas arba slaptažodis.]]>
              </value>
            </param>
          </params>
          <reporter-output>
          </reporter-output>
        </test-method> <!-- testLoginPage -->
        <test-method status="PASS" signature="tearDown()[pri:0, instance:testclasses.rep.RepresentativeLoginTest@6fb554cc]" name="tearDown" is-config="true" duration-ms="426" started-at="2017-03-15T15:30:09Z" finished-at="2017-03-15T15:30:09Z">
          <reporter-output>
          </reporter-output>
        </test-method> <!-- tearDown -->
      </class> <!-- testclasses.rep.RepresentativeLoginTest -->
    </test> <!-- Representative Login Test Cases -->
    <test name="Representative Vote Registration Single Test Cases" duration-ms="2226" started-at="2017-03-15T13:30:09Z" finished-at="2017-03-15T13:30:11Z">
      <class name="testclasses.rep.VoteRegistrationSingleTest">
        <test-method status="PASS" signature="setUp()[pri:0, instance:testclasses.rep.VoteRegistrationSingleTest@327471b5]" name="setUp" is-config="true" duration-ms="2133" started-at="2017-03-15T15:30:09Z" finished-at="2017-03-15T15:30:11Z">
          <reporter-output>
          </reporter-output>
        </test-method> <!-- setUp -->
        <test-method status="FAIL" signature="voteRegistrationLoadPageTest(java.lang.String, java.lang.String)[pri:0, instance:testclasses.rep.VoteRegistrationSingleTest@327471b5]" name="voteRegistrationLoadPageTest" duration-ms="0" started-at="2017-03-15T15:30:11Z" data-provider="loginAsRepresentative" finished-at="2017-03-15T15:30:11Z">
          <params>
            <param index="0">
              <value>
                <![CDATA[ZV]]>
              </value>
            </param>
            <param index="1">
              <value>
                <![CDATA[123]]>
              </value>
            </param>
          </params>
          <exception class="java.lang.NullPointerException">
            <full-stacktrace>
              <![CDATA[java.lang.NullPointerException
	at _utils.DataBaseInsert.deleteAllDataInDataBase(DataBaseInsert.java:56)
	at _utils.DataBaseInsert.insertDataToDataBaseFromFile(DataBaseInsert.java:39)
	at testclasses.rep.VoteRegistrationSingleTest.voteRegistrationLoadPageTest(VoteRegistrationSingleTest.java:26)
	at sun.reflect.NativeMethodAccessorImpl.invoke0(Native Method)
	at sun.reflect.NativeMethodAccessorImpl.invoke(NativeMethodAccessorImpl.java:62)
	at sun.reflect.DelegatingMethodAccessorImpl.invoke(DelegatingMethodAccessorImpl.java:43)
	at java.lang.reflect.Method.invoke(Method.java:498)
	at org.testng.internal.MethodInvocationHelper.invokeMethod(MethodInvocationHelper.java:86)
	at org.testng.internal.Invoker.invokeMethod(Invoker.java:643)
	at org.testng.internal.Invoker.invokeTestMethod(Invoker.java:820)
	at org.testng.internal.Invoker.invokeTestMethods(Invoker.java:1128)
	at org.testng.internal.TestMethodWorker.invokeTestMethods(TestMethodWorker.java:129)
	at org.testng.internal.TestMethodWorker.run(TestMethodWorker.java:112)
	at org.testng.TestRunner.privateRun(TestRunner.java:782)
	at org.testng.TestRunner.run(TestRunner.java:632)
	at org.testng.SuiteRunner.runTest(SuiteRunner.java:366)
	at org.testng.SuiteRunner.runSequentially(SuiteRunner.java:361)
	at org.testng.SuiteRunner.privateRun(SuiteRunner.java:319)
	at org.testng.SuiteRunner.run(SuiteRunner.java:268)
	at org.testng.SuiteRunnerWorker.runSuite(SuiteRunnerWorker.java:52)
	at org.testng.SuiteRunnerWorker.run(SuiteRunnerWorker.java:86)
	at org.testng.TestNG.runSuitesSequentially(TestNG.java:1244)
	at org.testng.TestNG.runSuitesLocally(TestNG.java:1169)
	at org.testng.TestNG.run(TestNG.java:1064)
	at org.apache.maven.surefire.testng.TestNGExecutor.run(TestNGExecutor.java:281)
	at org.apache.maven.surefire.testng.TestNGXmlTestSuite.execute(TestNGXmlTestSuite.java:75)
	at org.apache.maven.surefire.testng.TestNGProvider.invoke(TestNGProvider.java:121)
	at org.apache.maven.surefire.booter.ForkedBooter.invokeProviderInSameClassLoader(ForkedBooter.java:290)
	at org.apache.maven.surefire.booter.ForkedBooter.runSuitesInProcess(ForkedBooter.java:242)
	at org.apache.maven.surefire.booter.ForkedBooter.main(ForkedBooter.java:121)
]]>
            </full-stacktrace>
          </exception> <!-- java.lang.NullPointerException -->
          <reporter-output>
          </reporter-output>
        </test-method> <!-- voteRegistrationLoadPageTest -->
        <test-method status="SKIP" signature="voteRegistrationForSingleTest(java.lang.String, java.lang.String)[pri:0, instance:testclasses.rep.VoteRegistrationSingleTest@327471b5]" name="voteRegistrationForSingleTest" duration-ms="0" started-at="2017-03-15T15:30:11Z" depends-on-methods="testclasses.rep.VoteRegistrationSingleTest.voteRegistrationLoadPageTest" finished-at="2017-03-15T15:30:11Z">
          <exception class="java.lang.Throwable">
            <message>
              <![CDATA[Method VoteRegistrationSingleTest.voteRegistrationForSingleTest(java.lang.String, java.lang.String)[pri:0, instance:testclasses.rep.VoteRegistrationSingleTest@327471b5] depends on not successfully finished methods]]>
            </message>
            <full-stacktrace>
              <![CDATA[java.lang.Throwable: Method VoteRegistrationSingleTest.voteRegistrationForSingleTest(java.lang.String, java.lang.String)[pri:0, instance:testclasses.rep.VoteRegistrationSingleTest@327471b5] depends on not successfully finished methods
	at org.testng.internal.Invoker.invokeTestMethods(Invoker.java:1037)
	at org.testng.internal.TestMethodWorker.invokeTestMethods(TestMethodWorker.java:129)
	at org.testng.internal.TestMethodWorker.run(TestMethodWorker.java:112)
	at org.testng.TestRunner.privateRun(TestRunner.java:782)
	at org.testng.TestRunner.run(TestRunner.java:632)
	at org.testng.SuiteRunner.runTest(SuiteRunner.java:366)
	at org.testng.SuiteRunner.runSequentially(SuiteRunner.java:361)
	at org.testng.SuiteRunner.privateRun(SuiteRunner.java:319)
	at org.testng.SuiteRunner.run(SuiteRunner.java:268)
	at org.testng.SuiteRunnerWorker.runSuite(SuiteRunnerWorker.java:52)
	at org.testng.SuiteRunnerWorker.run(SuiteRunnerWorker.java:86)
	at org.testng.TestNG.runSuitesSequentially(TestNG.java:1244)
	at org.testng.TestNG.runSuitesLocally(TestNG.java:1169)
	at org.testng.TestNG.run(TestNG.java:1064)
	at org.apache.maven.surefire.testng.TestNGExecutor.run(TestNGExecutor.java:281)
	at org.apache.maven.surefire.testng.TestNGXmlTestSuite.execute(TestNGXmlTestSuite.java:75)
	at org.apache.maven.surefire.testng.TestNGProvider.invoke(TestNGProvider.java:121)
	at org.apache.maven.surefire.booter.ForkedBooter.invokeProviderInSameClassLoader(ForkedBooter.java:290)
	at org.apache.maven.surefire.booter.ForkedBooter.runSuitesInProcess(ForkedBooter.java:242)
	at org.apache.maven.surefire.booter.ForkedBooter.main(ForkedBooter.java:121)
]]>
            </full-stacktrace>
          </exception> <!-- java.lang.Throwable -->
          <reporter-output>
          </reporter-output>
        </test-method> <!-- voteRegistrationForSingleTest -->
        <test-method status="PASS" signature="tearDown()[pri:0, instance:testclasses.rep.VoteRegistrationSingleTest@327471b5]" name="tearDown" is-config="true" duration-ms="89" started-at="2017-03-15T15:30:11Z" finished-at="2017-03-15T15:30:11Z">
          <reporter-output>
          </reporter-output>
        </test-method> <!-- tearDown -->
      </class> <!-- testclasses.rep.VoteRegistrationSingleTest -->
    </test> <!-- Representative Vote Registration Single Test Cases -->
    <test name="Representative Vote Registration Multi Test Cases" duration-ms="1428" started-at="2017-03-15T13:30:11Z" finished-at="2017-03-15T13:30:13Z">
      <class name="testclasses.rep.VoteRegistrationMultiTest">
        <test-method status="PASS" signature="setUp()[pri:0, instance:testclasses.rep.VoteRegistrationMultiTest@6615435c]" name="setUp" is-config="true" duration-ms="1336" started-at="2017-03-15T15:30:11Z" finished-at="2017-03-15T15:30:13Z">
          <reporter-output>
          </reporter-output>
        </test-method> <!-- setUp -->
        <test-method status="FAIL" signature="voteRegistrationLoadPageTest(java.lang.String, java.lang.String)[pri:0, instance:testclasses.rep.VoteRegistrationMultiTest@6615435c]" name="voteRegistrationLoadPageTest" duration-ms="0" started-at="2017-03-15T15:30:13Z" data-provider="loginAsRepresentative" finished-at="2017-03-15T15:30:13Z">
          <params>
            <param index="0">
              <value>
                <![CDATA[ZV]]>
              </value>
            </param>
            <param index="1">
              <value>
                <![CDATA[123]]>
              </value>
            </param>
          </params>
          <exception class="java.lang.NullPointerException">
            <full-stacktrace>
              <![CDATA[java.lang.NullPointerException
	at _utils.DataBaseInsert.deleteAllDataInDataBase(DataBaseInsert.java:56)
	at _utils.DataBaseInsert.insertDataToDataBaseFromFile(DataBaseInsert.java:39)
	at testclasses.rep.VoteRegistrationMultiTest.voteRegistrationLoadPageTest(VoteRegistrationMultiTest.java:18)
	at sun.reflect.NativeMethodAccessorImpl.invoke0(Native Method)
	at sun.reflect.NativeMethodAccessorImpl.invoke(NativeMethodAccessorImpl.java:62)
	at sun.reflect.DelegatingMethodAccessorImpl.invoke(DelegatingMethodAccessorImpl.java:43)
	at java.lang.reflect.Method.invoke(Method.java:498)
	at org.testng.internal.MethodInvocationHelper.invokeMethod(MethodInvocationHelper.java:86)
	at org.testng.internal.Invoker.invokeMethod(Invoker.java:643)
	at org.testng.internal.Invoker.invokeTestMethod(Invoker.java:820)
	at org.testng.internal.Invoker.invokeTestMethods(Invoker.java:1128)
	at org.testng.internal.TestMethodWorker.invokeTestMethods(TestMethodWorker.java:129)
	at org.testng.internal.TestMethodWorker.run(TestMethodWorker.java:112)
	at org.testng.TestRunner.privateRun(TestRunner.java:782)
	at org.testng.TestRunner.run(TestRunner.java:632)
	at org.testng.SuiteRunner.runTest(SuiteRunner.java:366)
	at org.testng.SuiteRunner.runSequentially(SuiteRunner.java:361)
	at org.testng.SuiteRunner.privateRun(SuiteRunner.java:319)
	at org.testng.SuiteRunner.run(SuiteRunner.java:268)
	at org.testng.SuiteRunnerWorker.runSuite(SuiteRunnerWorker.java:52)
	at org.testng.SuiteRunnerWorker.run(SuiteRunnerWorker.java:86)
	at org.testng.TestNG.runSuitesSequentially(TestNG.java:1244)
	at org.testng.TestNG.runSuitesLocally(TestNG.java:1169)
	at org.testng.TestNG.run(TestNG.java:1064)
	at org.apache.maven.surefire.testng.TestNGExecutor.run(TestNGExecutor.java:281)
	at org.apache.maven.surefire.testng.TestNGXmlTestSuite.execute(TestNGXmlTestSuite.java:75)
	at org.apache.maven.surefire.testng.TestNGProvider.invoke(TestNGProvider.java:121)
	at org.apache.maven.surefire.booter.ForkedBooter.invokeProviderInSameClassLoader(ForkedBooter.java:290)
	at org.apache.maven.surefire.booter.ForkedBooter.runSuitesInProcess(ForkedBooter.java:242)
	at org.apache.maven.surefire.booter.ForkedBooter.main(ForkedBooter.java:121)
]]>
            </full-stacktrace>
          </exception> <!-- java.lang.NullPointerException -->
          <reporter-output>
          </reporter-output>
        </test-method> <!-- voteRegistrationLoadPageTest -->
        <test-method status="SKIP" signature="voteRegistrationForMultiTest(java.lang.String, java.lang.String)[pri:0, instance:testclasses.rep.VoteRegistrationMultiTest@6615435c]" name="voteRegistrationForMultiTest" duration-ms="0" started-at="2017-03-15T15:30:13Z" depends-on-methods="testclasses.rep.VoteRegistrationMultiTest.voteRegistrationLoadPageTest" finished-at="2017-03-15T15:30:13Z">
          <exception class="java.lang.Throwable">
            <message>
              <![CDATA[Method VoteRegistrationMultiTest.voteRegistrationForMultiTest(java.lang.String, java.lang.String)[pri:0, instance:testclasses.rep.VoteRegistrationMultiTest@6615435c] depends on not successfully finished methods]]>
            </message>
            <full-stacktrace>
              <![CDATA[java.lang.Throwable: Method VoteRegistrationMultiTest.voteRegistrationForMultiTest(java.lang.String, java.lang.String)[pri:0, instance:testclasses.rep.VoteRegistrationMultiTest@6615435c] depends on not successfully finished methods
	at org.testng.internal.Invoker.invokeTestMethods(Invoker.java:1037)
	at org.testng.internal.TestMethodWorker.invokeTestMethods(TestMethodWorker.java:129)
	at org.testng.internal.TestMethodWorker.run(TestMethodWorker.java:112)
	at org.testng.TestRunner.privateRun(TestRunner.java:782)
	at org.testng.TestRunner.run(TestRunner.java:632)
	at org.testng.SuiteRunner.runTest(SuiteRunner.java:366)
	at org.testng.SuiteRunner.runSequentially(SuiteRunner.java:361)
	at org.testng.SuiteRunner.privateRun(SuiteRunner.java:319)
	at org.testng.SuiteRunner.run(SuiteRunner.java:268)
	at org.testng.SuiteRunnerWorker.runSuite(SuiteRunnerWorker.java:52)
	at org.testng.SuiteRunnerWorker.run(SuiteRunnerWorker.java:86)
	at org.testng.TestNG.runSuitesSequentially(TestNG.java:1244)
	at org.testng.TestNG.runSuitesLocally(TestNG.java:1169)
	at org.testng.TestNG.run(TestNG.java:1064)
	at org.apache.maven.surefire.testng.TestNGExecutor.run(TestNGExecutor.java:281)
	at org.apache.maven.surefire.testng.TestNGXmlTestSuite.execute(TestNGXmlTestSuite.java:75)
	at org.apache.maven.surefire.testng.TestNGProvider.invoke(TestNGProvider.java:121)
	at org.apache.maven.surefire.booter.ForkedBooter.invokeProviderInSameClassLoader(ForkedBooter.java:290)
	at org.apache.maven.surefire.booter.ForkedBooter.runSuitesInProcess(ForkedBooter.java:242)
	at org.apache.maven.surefire.booter.ForkedBooter.main(ForkedBooter.java:121)
]]>
            </full-stacktrace>
          </exception> <!-- java.lang.Throwable -->
          <reporter-output>
          </reporter-output>
        </test-method> <!-- voteRegistrationForMultiTest -->
        <test-method status="PASS" signature="tearDown()[pri:0, instance:testclasses.rep.VoteRegistrationMultiTest@6615435c]" name="tearDown" is-config="true" duration-ms="90" started-at="2017-03-15T15:30:13Z" finished-at="2017-03-15T15:30:13Z">
          <reporter-output>
          </reporter-output>
        </test-method> <!-- tearDown -->
      </class> <!-- testclasses.rep.VoteRegistrationMultiTest -->
    </test> <!-- Representative Vote Registration Multi Test Cases -->
    <test name="Admin Login Test Cases" duration-ms="7754" started-at="2017-03-15T13:30:13Z" finished-at="2017-03-15T13:30:20Z">
      <class name="testclasses.admin.AdminLoginTest">
        <test-method status="PASS" signature="setUp()[pri:0, instance:testclasses.admin.AdminLoginTest@34b7bfc0]" name="setUp" is-config="true" duration-ms="1333" started-at="2017-03-15T15:30:13Z" finished-at="2017-03-15T15:30:14Z">
          <reporter-output>
          </reporter-output>
        </test-method> <!-- setUp -->
        <test-method status="PASS" signature="testLoginPage(java.lang.String, java.lang.String, java.lang.String)[pri:0, instance:testclasses.admin.AdminLoginTest@34b7bfc0]" name="testLoginPage" duration-ms="3634" started-at="2017-03-15T15:30:14Z" data-provider="AdminLoginWithValidation" finished-at="2017-03-15T15:30:18Z">
          <params>
            <param index="0">
              <value>
                <![CDATA[admin]]>
              </value>
            </param>
            <param index="1">
              <value>
                <![CDATA[pass]]>
              </value>
            </param>
            <param index="2">
              <value is-null="true"/>
            </param>
          </params>
          <reporter-output>
          </reporter-output>
        </test-method> <!-- testLoginPage -->
        <test-method status="PASS" signature="testLoginPage(java.lang.String, java.lang.String, java.lang.String)[pri:0, instance:testclasses.admin.AdminLoginTest@34b7bfc0]" name="testLoginPage" duration-ms="1335" started-at="2017-03-15T15:30:18Z" data-provider="AdminLoginWithValidation" finished-at="2017-03-15T15:30:19Z">
          <params>
            <param index="0">
              <value>
                <![CDATA[]]>
              </value>
            </param>
            <param index="1">
              <value>
                <![CDATA[pass]]>
              </value>
            </param>
            <param index="2">
              <value>
                <![CDATA[Neteisingas prisijungimo vardas arba slaptažodis.]]>
              </value>
            </param>
          </params>
          <reporter-output>
          </reporter-output>
        </test-method> <!-- testLoginPage -->
        <test-method status="PASS" signature="testLoginPage(java.lang.String, java.lang.String, java.lang.String)[pri:0, instance:testclasses.admin.AdminLoginTest@34b7bfc0]" name="testLoginPage" duration-ms="1372" started-at="2017-03-15T15:30:19Z" data-provider="AdminLoginWithValidation" finished-at="2017-03-15T15:30:20Z">
          <params>
            <param index="0">
              <value>
                <![CDATA[admin]]>
              </value>
            </param>
            <param index="1">
              <value>
                <![CDATA[passx]]>
              </value>
            </param>
            <param index="2">
              <value>
                <![CDATA[Neteisingas prisijungimo vardas arba slaptažodis.]]>
              </value>
            </param>
          </params>
          <reporter-output>
          </reporter-output>
        </test-method> <!-- testLoginPage -->
        <test-method status="PASS" signature="tearDown()[pri:0, instance:testclasses.admin.AdminLoginTest@34b7bfc0]" name="tearDown" is-config="true" duration-ms="79" started-at="2017-03-15T15:30:20Z" finished-at="2017-03-15T15:30:20Z">
          <reporter-output>
          </reporter-output>
        </test-method> <!-- tearDown -->
      </class> <!-- testclasses.admin.AdminLoginTest -->
    </test> <!-- Admin Login Test Cases -->
    <test name="Admin Add Constituency Test Cases" duration-ms="1445" started-at="2017-03-15T13:30:20Z" finished-at="2017-03-15T13:30:22Z">
      <class name="testclasses.admin.ConstituencyTest">
        <test-method status="PASS" signature="setUp()[pri:0, instance:testclasses.admin.ConstituencyTest@5a61f5df]" name="setUp" is-config="true" duration-ms="1314" started-at="2017-03-15T15:30:20Z" finished-at="2017-03-15T15:30:22Z">
          <reporter-output>
          </reporter-output>
        </test-method> <!-- setUp -->
        <test-method status="FAIL" signature="constituencyLoadPageTest(java.lang.String, java.lang.String)[pri:0, instance:testclasses.admin.ConstituencyTest@5a61f5df]" name="constituencyLoadPageTest" duration-ms="0" started-at="2017-03-15T15:30:22Z" data-provider="loginAsAdmin" finished-at="2017-03-15T15:30:22Z">
          <params>
            <param index="0">
              <value>
                <![CDATA[admin]]>
              </value>
            </param>
            <param index="1">
              <value>
                <![CDATA[pass]]>
              </value>
            </param>
          </params>
          <exception class="java.lang.NullPointerException">
            <full-stacktrace>
              <![CDATA[java.lang.NullPointerException
	at _utils.DataBaseInsert.deleteAllDataInDataBase(DataBaseInsert.java:56)
	at _utils.DataBaseInsert.insertDataToDataBaseFromFile(DataBaseInsert.java:39)
	at testclasses.admin.ConstituencyTest.constituencyLoadPageTest(ConstituencyTest.java:26)
	at sun.reflect.NativeMethodAccessorImpl.invoke0(Native Method)
	at sun.reflect.NativeMethodAccessorImpl.invoke(NativeMethodAccessorImpl.java:62)
	at sun.reflect.DelegatingMethodAccessorImpl.invoke(DelegatingMethodAccessorImpl.java:43)
	at java.lang.reflect.Method.invoke(Method.java:498)
	at org.testng.internal.MethodInvocationHelper.invokeMethod(MethodInvocationHelper.java:86)
	at org.testng.internal.Invoker.invokeMethod(Invoker.java:643)
	at org.testng.internal.Invoker.invokeTestMethod(Invoker.java:820)
	at org.testng.internal.Invoker.invokeTestMethods(Invoker.java:1128)
	at org.testng.internal.TestMethodWorker.invokeTestMethods(TestMethodWorker.java:129)
	at org.testng.internal.TestMethodWorker.run(TestMethodWorker.java:112)
	at org.testng.TestRunner.privateRun(TestRunner.java:782)
	at org.testng.TestRunner.run(TestRunner.java:632)
	at org.testng.SuiteRunner.runTest(SuiteRunner.java:366)
	at org.testng.SuiteRunner.runSequentially(SuiteRunner.java:361)
	at org.testng.SuiteRunner.privateRun(SuiteRunner.java:319)
	at org.testng.SuiteRunner.run(SuiteRunner.java:268)
	at org.testng.SuiteRunnerWorker.runSuite(SuiteRunnerWorker.java:52)
	at org.testng.SuiteRunnerWorker.run(SuiteRunnerWorker.java:86)
	at org.testng.TestNG.runSuitesSequentially(TestNG.java:1244)
	at org.testng.TestNG.runSuitesLocally(TestNG.java:1169)
	at org.testng.TestNG.run(TestNG.java:1064)
	at org.apache.maven.surefire.testng.TestNGExecutor.run(TestNGExecutor.java:281)
	at org.apache.maven.surefire.testng.TestNGXmlTestSuite.execute(TestNGXmlTestSuite.java:75)
	at org.apache.maven.surefire.testng.TestNGProvider.invoke(TestNGProvider.java:121)
	at org.apache.maven.surefire.booter.ForkedBooter.invokeProviderInSameClassLoader(ForkedBooter.java:290)
	at org.apache.maven.surefire.booter.ForkedBooter.runSuitesInProcess(ForkedBooter.java:242)
	at org.apache.maven.surefire.booter.ForkedBooter.main(ForkedBooter.java:121)
]]>
            </full-stacktrace>
          </exception> <!-- java.lang.NullPointerException -->
          <reporter-output>
          </reporter-output>
        </test-method> <!-- constituencyLoadPageTest -->
        <test-method status="SKIP" signature="addNewConstituencyTest(java.lang.String)[pri:0, instance:testclasses.admin.ConstituencyTest@5a61f5df]" name="addNewConstituencyTest" duration-ms="0" started-at="2017-03-15T15:30:22Z" depends-on-methods="testclasses.admin.ConstituencyTest.addNewConstituencyButtonTest" finished-at="2017-03-15T15:30:22Z">
          <exception class="java.lang.Throwable">
            <message>
              <![CDATA[Method ConstituencyTest.addNewConstituencyTest(java.lang.String)[pri:0, instance:testclasses.admin.ConstituencyTest@5a61f5df] depends on not successfully finished methods]]>
            </message>
            <full-stacktrace>
              <![CDATA[java.lang.Throwable: Method ConstituencyTest.addNewConstituencyTest(java.lang.String)[pri:0, instance:testclasses.admin.ConstituencyTest@5a61f5df] depends on not successfully finished methods
	at org.testng.internal.Invoker.invokeTestMethods(Invoker.java:1037)
	at org.testng.internal.TestMethodWorker.invokeTestMethods(TestMethodWorker.java:129)
	at org.testng.internal.TestMethodWorker.run(TestMethodWorker.java:112)
	at org.testng.TestRunner.privateRun(TestRunner.java:782)
	at org.testng.TestRunner.run(TestRunner.java:632)
	at org.testng.SuiteRunner.runTest(SuiteRunner.java:366)
	at org.testng.SuiteRunner.runSequentially(SuiteRunner.java:361)
	at org.testng.SuiteRunner.privateRun(SuiteRunner.java:319)
	at org.testng.SuiteRunner.run(SuiteRunner.java:268)
	at org.testng.SuiteRunnerWorker.runSuite(SuiteRunnerWorker.java:52)
	at org.testng.SuiteRunnerWorker.run(SuiteRunnerWorker.java:86)
	at org.testng.TestNG.runSuitesSequentially(TestNG.java:1244)
	at org.testng.TestNG.runSuitesLocally(TestNG.java:1169)
	at org.testng.TestNG.run(TestNG.java:1064)
	at org.apache.maven.surefire.testng.TestNGExecutor.run(TestNGExecutor.java:281)
	at org.apache.maven.surefire.testng.TestNGXmlTestSuite.execute(TestNGXmlTestSuite.java:75)
	at org.apache.maven.surefire.testng.TestNGProvider.invoke(TestNGProvider.java:121)
	at org.apache.maven.surefire.booter.ForkedBooter.invokeProviderInSameClassLoader(ForkedBooter.java:290)
	at org.apache.maven.surefire.booter.ForkedBooter.runSuitesInProcess(ForkedBooter.java:242)
	at org.apache.maven.surefire.booter.ForkedBooter.main(ForkedBooter.java:121)
]]>
            </full-stacktrace>
          </exception> <!-- java.lang.Throwable -->
          <reporter-output>
          </reporter-output>
        </test-method> <!-- addNewConstituencyTest -->
        <test-method status="SKIP" signature="addNewConstituencyButtonTest()[pri:0, instance:testclasses.admin.ConstituencyTest@5a61f5df]" name="addNewConstituencyButtonTest" duration-ms="0" started-at="2017-03-15T15:30:22Z" depends-on-methods="testclasses.admin.ConstituencyTest.constituencyLoadPageTest" finished-at="2017-03-15T15:30:22Z">
          <exception class="java.lang.Throwable">
            <message>
              <![CDATA[Method ConstituencyTest.addNewConstituencyButtonTest()[pri:0, instance:testclasses.admin.ConstituencyTest@5a61f5df] depends on not successfully finished methods]]>
            </message>
            <full-stacktrace>
              <![CDATA[java.lang.Throwable: Method ConstituencyTest.addNewConstituencyButtonTest()[pri:0, instance:testclasses.admin.ConstituencyTest@5a61f5df] depends on not successfully finished methods
	at org.testng.internal.Invoker.invokeTestMethods(Invoker.java:1037)
	at org.testng.internal.TestMethodWorker.invokeTestMethods(TestMethodWorker.java:129)
	at org.testng.internal.TestMethodWorker.run(TestMethodWorker.java:112)
	at org.testng.TestRunner.privateRun(TestRunner.java:782)
	at org.testng.TestRunner.run(TestRunner.java:632)
	at org.testng.SuiteRunner.runTest(SuiteRunner.java:366)
	at org.testng.SuiteRunner.runSequentially(SuiteRunner.java:361)
	at org.testng.SuiteRunner.privateRun(SuiteRunner.java:319)
	at org.testng.SuiteRunner.run(SuiteRunner.java:268)
	at org.testng.SuiteRunnerWorker.runSuite(SuiteRunnerWorker.java:52)
	at org.testng.SuiteRunnerWorker.run(SuiteRunnerWorker.java:86)
	at org.testng.TestNG.runSuitesSequentially(TestNG.java:1244)
	at org.testng.TestNG.runSuitesLocally(TestNG.java:1169)
	at org.testng.TestNG.run(TestNG.java:1064)
	at org.apache.maven.surefire.testng.TestNGExecutor.run(TestNGExecutor.java:281)
	at org.apache.maven.surefire.testng.TestNGXmlTestSuite.execute(TestNGXmlTestSuite.java:75)
	at org.apache.maven.surefire.testng.TestNGProvider.invoke(TestNGProvider.java:121)
	at org.apache.maven.surefire.booter.ForkedBooter.invokeProviderInSameClassLoader(ForkedBooter.java:290)
	at org.apache.maven.surefire.booter.ForkedBooter.runSuitesInProcess(ForkedBooter.java:242)
	at org.apache.maven.surefire.booter.ForkedBooter.main(ForkedBooter.java:121)
]]>
            </full-stacktrace>
          </exception> <!-- java.lang.Throwable -->
          <reporter-output>
          </reporter-output>
        </test-method> <!-- addNewConstituencyButtonTest -->
        <test-method status="PASS" signature="tearDown()[pri:0, instance:testclasses.admin.ConstituencyTest@5a61f5df]" name="tearDown" is-config="true" duration-ms="128" started-at="2017-03-15T15:30:22Z" finished-at="2017-03-15T15:30:22Z">
          <reporter-output>
          </reporter-output>
        </test-method> <!-- tearDown -->
      </class> <!-- testclasses.admin.ConstituencyTest -->
    </test> <!-- Admin Add Constituency Test Cases -->
    <test name="Admin Constituency remove Test Cases" duration-ms="1400" started-at="2017-03-15T13:30:22Z" finished-at="2017-03-15T13:30:23Z">
      <class name="testclasses.admin.ConstituencyTest">
        <test-method status="PASS" signature="setUp()[pri:0, instance:testclasses.admin.ConstituencyTest@234bef66]" name="setUp" is-config="true" duration-ms="1303" started-at="2017-03-15T15:30:22Z" finished-at="2017-03-15T15:30:23Z">
          <reporter-output>
          </reporter-output>
        </test-method> <!-- setUp -->
        <test-method status="FAIL" signature="constituencyLoadPageTest(java.lang.String, java.lang.String)[pri:0, instance:testclasses.admin.ConstituencyTest@234bef66]" name="constituencyLoadPageTest" duration-ms="12" started-at="2017-03-15T15:30:23Z" data-provider="loginAsAdmin" finished-at="2017-03-15T15:30:23Z">
          <params>
[...]
	at org.testng.internal.TestMethodWorker.run(TestMethodWorker.java:112)
	at org.testng.TestRunner.privateRun(TestRunner.java:782)
	at org.testng.TestRunner.run(TestRunner.java:632)
	at org.testng.SuiteRunner.runTest(SuiteRunner.java:366)
	at org.testng.SuiteRunner.runSequentially(SuiteRunner.java:361)
	at org.testng.SuiteRunner.privateRun(SuiteRunner.java:319)
	at org.testng.SuiteRunner.run(SuiteRunner.java:268)
	at org.testng.SuiteRunnerWorker.runSuite(SuiteRunnerWorker.java:52)
	at org.testng.SuiteRunnerWorker.run(SuiteRunnerWorker.java:86)
	at org.testng.TestNG.runSuitesSequentially(TestNG.java:1244)
	at org.testng.TestNG.runSuitesLocally(TestNG.java:1169)
	at org.testng.TestNG.run(TestNG.java:1064)
	at org.apache.maven.surefire.testng.TestNGExecutor.run(TestNGExecutor.java:281)
	at org.apache.maven.surefire.testng.TestNGXmlTestSuite.execute(TestNGXmlTestSuite.java:75)
	at org.apache.maven.surefire.testng.TestNGProvider.invoke(TestNGProvider.java:121)
	at org.apache.maven.surefire.booter.ForkedBooter.invokeProviderInSameClassLoader(ForkedBooter.java:290)
	at org.apache.maven.surefire.booter.ForkedBooter.runSuitesInProcess(ForkedBooter.java:242)
	at org.apache.maven.surefire.booter.ForkedBooter.main(ForkedBooter.java:121)
]]>
            </full-stacktrace>
          </exception> <!-- java.lang.Throwable -->
          <reporter-output>
          </reporter-output>
        </test-method> <!-- csvDeleteCandidatesTest -->
        <test-method status="PASS" signature="tearDown()[pri:0, instance:testclasses.admin.CsvUploadMultiTest@1b604f19]" name="tearDown" is-config="true" duration-ms="99" started-at="2017-03-15T15:30:42Z" finished-at="2017-03-15T15:30:42Z">
          <reporter-output>
          </reporter-output>
        </test-method> <!-- tearDown -->
      </class> <!-- testclasses.admin.CsvUploadMultiTest -->
    </test> <!-- Admin Candidate Remove Multi Test Cases -->
    <test name="Admin Candidate Upload File With Commas Multi Test Cases" duration-ms="1415" started-at="2017-03-15T13:30:42Z" finished-at="2017-03-15T13:30:44Z">
      <class name="testclasses.admin.CsvUploadMultiTest">
        <test-method status="PASS" signature="setUp()[pri:0, instance:testclasses.admin.CsvUploadMultiTest@4678c730]" name="setUp" is-config="true" duration-ms="1338" started-at="2017-03-15T15:30:42Z" finished-at="2017-03-15T15:30:44Z">
          <reporter-output>
          </reporter-output>
        </test-method> <!-- setUp -->
        <test-method status="FAIL" signature="csvUploadLoadPageTest(java.lang.String, java.lang.String)[pri:0, instance:testclasses.admin.CsvUploadMultiTest@4678c730]" name="csvUploadLoadPageTest" duration-ms="0" started-at="2017-03-15T15:30:44Z" data-provider="loginAsAdmin" finished-at="2017-03-15T15:30:44Z">
          <params>
            <param index="0">
              <value>
                <![CDATA[admin]]>
              </value>
            </param>
            <param index="1">
              <value>
                <![CDATA[pass]]>
              </value>
            </param>
          </params>
          <exception class="java.lang.NullPointerException">
            <full-stacktrace>
              <![CDATA[java.lang.NullPointerException
	at _utils.DataBaseInsert.deleteAllDataInDataBase(DataBaseInsert.java:56)
	at _utils.DataBaseInsert.insertDataToDataBaseFromFile(DataBaseInsert.java:39)
	at testclasses.admin.CsvUploadMultiTest.csvUploadLoadPageTest(CsvUploadMultiTest.java:26)
	at sun.reflect.NativeMethodAccessorImpl.invoke0(Native Method)
	at sun.reflect.NativeMethodAccessorImpl.invoke(NativeMethodAccessorImpl.java:62)
	at sun.reflect.DelegatingMethodAccessorImpl.invoke(DelegatingMethodAccessorImpl.java:43)
	at java.lang.reflect.Method.invoke(Method.java:498)
	at org.testng.internal.MethodInvocationHelper.invokeMethod(MethodInvocationHelper.java:86)
	at org.testng.internal.Invoker.invokeMethod(Invoker.java:643)
	at org.testng.internal.Invoker.invokeTestMethod(Invoker.java:820)
	at org.testng.internal.Invoker.invokeTestMethods(Invoker.java:1128)
	at org.testng.internal.TestMethodWorker.invokeTestMethods(TestMethodWorker.java:129)
	at org.testng.internal.TestMethodWorker.run(TestMethodWorker.java:112)
	at org.testng.TestRunner.privateRun(TestRunner.java:782)
	at org.testng.TestRunner.run(TestRunner.java:632)
	at org.testng.SuiteRunner.runTest(SuiteRunner.java:366)
	at org.testng.SuiteRunner.runSequentially(SuiteRunner.java:361)
	at org.testng.SuiteRunner.privateRun(SuiteRunner.java:319)
	at org.testng.SuiteRunner.run(SuiteRunner.java:268)
	at org.testng.SuiteRunnerWorker.runSuite(SuiteRunnerWorker.java:52)
	at org.testng.SuiteRunnerWorker.run(SuiteRunnerWorker.java:86)
	at org.testng.TestNG.runSuitesSequentially(TestNG.java:1244)
	at org.testng.TestNG.runSuitesLocally(TestNG.java:1169)
	at org.testng.TestNG.run(TestNG.java:1064)
	at org.apache.maven.surefire.testng.TestNGExecutor.run(TestNGExecutor.java:281)
	at org.apache.maven.surefire.testng.TestNGXmlTestSuite.execute(TestNGXmlTestSuite.java:75)
	at org.apache.maven.surefire.testng.TestNGProvider.invoke(TestNGProvider.java:121)
	at org.apache.maven.surefire.booter.ForkedBooter.invokeProviderInSameClassLoader(ForkedBooter.java:290)
	at org.apache.maven.surefire.booter.ForkedBooter.runSuitesInProcess(ForkedBooter.java:242)
	at org.apache.maven.surefire.booter.ForkedBooter.main(ForkedBooter.java:121)
]]>
            </full-stacktrace>
          </exception> <!-- java.lang.NullPointerException -->
          <reporter-output>
          </reporter-output>
        </test-method> <!-- csvUploadLoadPageTest -->
        <test-method status="SKIP" signature="csvUploadButtonTest()[pri:0, instance:testclasses.admin.CsvUploadMultiTest@4678c730]" name="csvUploadButtonTest" duration-ms="0" started-at="2017-03-15T15:30:44Z" depends-on-methods="testclasses.admin.CsvUploadMultiTest.csvUploadLoadPageTest" finished-at="2017-03-15T15:30:44Z">
          <exception class="java.lang.Throwable">
            <message>
              <![CDATA[Method CsvUploadMultiTest.csvUploadButtonTest()[pri:0, instance:testclasses.admin.CsvUploadMultiTest@4678c730] depends on not successfully finished methods]]>
            </message>
            <full-stacktrace>
              <![CDATA[java.lang.Throwable: Method CsvUploadMultiTest.csvUploadButtonTest()[pri:0, instance:testclasses.admin.CsvUploadMultiTest@4678c730] depends on not successfully finished methods
	at org.testng.internal.Invoker.invokeTestMethods(Invoker.java:1037)
	at org.testng.internal.TestMethodWorker.invokeTestMethods(TestMethodWorker.java:129)
	at org.testng.internal.TestMethodWorker.run(TestMethodWorker.java:112)
	at org.testng.TestRunner.privateRun(TestRunner.java:782)
	at org.testng.TestRunner.run(TestRunner.java:632)
	at org.testng.SuiteRunner.runTest(SuiteRunner.java:366)
	at org.testng.SuiteRunner.runSequentially(SuiteRunner.java:361)
	at org.testng.SuiteRunner.privateRun(SuiteRunner.java:319)
	at org.testng.SuiteRunner.run(SuiteRunner.java:268)
	at org.testng.SuiteRunnerWorker.runSuite(SuiteRunnerWorker.java:52)
	at org.testng.SuiteRunnerWorker.run(SuiteRunnerWorker.java:86)
	at org.testng.TestNG.runSuitesSequentially(TestNG.java:1244)
	at org.testng.TestNG.runSuitesLocally(TestNG.java:1169)
	at org.testng.TestNG.run(TestNG.java:1064)
	at org.apache.maven.surefire.testng.TestNGExecutor.run(TestNGExecutor.java:281)
	at org.apache.maven.surefire.testng.TestNGXmlTestSuite.execute(TestNGXmlTestSuite.java:75)
	at org.apache.maven.surefire.testng.TestNGProvider.invoke(TestNGProvider.java:121)
	at org.apache.maven.surefire.booter.ForkedBooter.invokeProviderInSameClassLoader(ForkedBooter.java:290)
	at org.apache.maven.surefire.booter.ForkedBooter.runSuitesInProcess(ForkedBooter.java:242)
	at org.apache.maven.surefire.booter.ForkedBooter.main(ForkedBooter.java:121)
]]>
            </full-stacktrace>
          </exception> <!-- java.lang.Throwable -->
          <reporter-output>
          </reporter-output>
        </test-method> <!-- csvUploadButtonTest -->
        <test-method status="SKIP" signature="csvUploadCommasTest()[pri:0, instance:testclasses.admin.CsvUploadMultiTest@4678c730]" name="csvUploadCommasTest" duration-ms="0" started-at="2017-03-15T15:30:44Z" depends-on-methods="testclasses.admin.CsvUploadMultiTest.csvUploadButtonTest" finished-at="2017-03-15T15:30:44Z">
          <exception class="java.lang.Throwable">
            <message>
              <![CDATA[Method CsvUploadMultiTest.csvUploadCommasTest()[pri:0, instance:testclasses.admin.CsvUploadMultiTest@4678c730] depends on not successfully finished methods]]>
            </message>
            <full-stacktrace>
              <![CDATA[java.lang.Throwable: Method CsvUploadMultiTest.csvUploadCommasTest()[pri:0, instance:testclasses.admin.CsvUploadMultiTest@4678c730] depends on not successfully finished methods
	at org.testng.internal.Invoker.invokeTestMethods(Invoker.java:1037)
	at org.testng.internal.TestMethodWorker.invokeTestMethods(TestMethodWorker.java:129)
	at org.testng.internal.TestMethodWorker.run(TestMethodWorker.java:112)
	at org.testng.TestRunner.privateRun(TestRunner.java:782)
	at org.testng.TestRunner.run(TestRunner.java:632)
	at org.testng.SuiteRunner.runTest(SuiteRunner.java:366)
	at org.testng.SuiteRunner.runSequentially(SuiteRunner.java:361)
	at org.testng.SuiteRunner.privateRun(SuiteRunner.java:319)
	at org.testng.SuiteRunner.run(SuiteRunner.java:268)
	at org.testng.SuiteRunnerWorker.runSuite(SuiteRunnerWorker.java:52)
	at org.testng.SuiteRunnerWorker.run(SuiteRunnerWorker.java:86)
	at org.testng.TestNG.runSuitesSequentially(TestNG.java:1244)
	at org.testng.TestNG.runSuitesLocally(TestNG.java:1169)
	at org.testng.TestNG.run(TestNG.java:1064)
	at org.apache.maven.surefire.testng.TestNGExecutor.run(TestNGExecutor.java:281)
	at org.apache.maven.surefire.testng.TestNGXmlTestSuite.execute(TestNGXmlTestSuite.java:75)
	at org.apache.maven.surefire.testng.TestNGProvider.invoke(TestNGProvider.java:121)
	at org.apache.maven.surefire.booter.ForkedBooter.invokeProviderInSameClassLoader(ForkedBooter.java:290)
	at org.apache.maven.surefire.booter.ForkedBooter.runSuitesInProcess(ForkedBooter.java:242)
	at org.apache.maven.surefire.booter.ForkedBooter.main(ForkedBooter.java:121)
]]>
            </full-stacktrace>
          </exception> <!-- java.lang.Throwable -->
          <reporter-output>
          </reporter-output>
        </test-method> <!-- csvUploadCommasTest -->
        <test-method status="PASS" signature="tearDown()[pri:0, instance:testclasses.admin.CsvUploadMultiTest@4678c730]" name="tearDown" is-config="true" duration-ms="71" started-at="2017-03-15T15:30:44Z" finished-at="2017-03-15T15:30:44Z">
          <reporter-output>
          </reporter-output>
        </test-method> <!-- tearDown -->
      </class> <!-- testclasses.admin.CsvUploadMultiTest -->
    </test> <!-- Admin Candidate Upload File With Commas Multi Test Cases -->
    <test name="Admin Candidate Upload File With Semicolns Multi Test Cases" duration-ms="1424" started-at="2017-03-15T13:30:44Z" finished-at="2017-03-15T13:30:45Z">
      <class name="testclasses.admin.CsvUploadMultiTest">
        <test-method status="PASS" signature="setUp()[pri:0, instance:testclasses.admin.CsvUploadMultiTest@18be83e4]" name="setUp" is-config="true" duration-ms="1324" started-at="2017-03-15T15:30:44Z" finished-at="2017-03-15T15:30:45Z">
          <reporter-output>
          </reporter-output>
        </test-method> <!-- setUp -->
        <test-method status="FAIL" signature="csvUploadLoadPageTest(java.lang.String, java.lang.String)[pri:0, instance:testclasses.admin.CsvUploadMultiTest@18be83e4]" name="csvUploadLoadPageTest" duration-ms="0" started-at="2017-03-15T15:30:45Z" data-provider="loginAsAdmin" finished-at="2017-03-15T15:30:45Z">
          <params>
            <param index="0">
              <value>
                <![CDATA[admin]]>
              </value>
            </param>
            <param index="1">
              <value>
                <![CDATA[pass]]>
              </value>
            </param>
          </params>
          <exception class="java.lang.NullPointerException">
            <full-stacktrace>
              <![CDATA[java.lang.NullPointerException
	at _utils.DataBaseInsert.deleteAllDataInDataBase(DataBaseInsert.java:56)
	at _utils.DataBaseInsert.insertDataToDataBaseFromFile(DataBaseInsert.java:39)
	at testclasses.admin.CsvUploadMultiTest.csvUploadLoadPageTest(CsvUploadMultiTest.java:26)
	at sun.reflect.NativeMethodAccessorImpl.invoke0(Native Method)
	at sun.reflect.NativeMethodAccessorImpl.invoke(NativeMethodAccessorImpl.java:62)
	at sun.reflect.DelegatingMethodAccessorImpl.invoke(DelegatingMethodAccessorImpl.java:43)
	at java.lang.reflect.Method.invoke(Method.java:498)
	at org.testng.internal.MethodInvocationHelper.invokeMethod(MethodInvocationHelper.java:86)
	at org.testng.internal.Invoker.invokeMethod(Invoker.java:643)
	at org.testng.internal.Invoker.invokeTestMethod(Invoker.java:820)
	at org.testng.internal.Invoker.invokeTestMethods(Invoker.java:1128)
	at org.testng.internal.TestMethodWorker.invokeTestMethods(TestMethodWorker.java:129)
	at org.testng.internal.TestMethodWorker.run(TestMethodWorker.java:112)
	at org.testng.TestRunner.privateRun(TestRunner.java:782)
	at org.testng.TestRunner.run(TestRunner.java:632)
	at org.testng.SuiteRunner.runTest(SuiteRunner.java:366)
	at org.testng.SuiteRunner.runSequentially(SuiteRunner.java:361)
	at org.testng.SuiteRunner.privateRun(SuiteRunner.java:319)
	at org.testng.SuiteRunner.run(SuiteRunner.java:268)
	at org.testng.SuiteRunnerWorker.runSuite(SuiteRunnerWorker.java:52)
	at org.testng.SuiteRunnerWorker.run(SuiteRunnerWorker.java:86)
	at org.testng.TestNG.runSuitesSequentially(TestNG.java:1244)
	at org.testng.TestNG.runSuitesLocally(TestNG.java:1169)
	at org.testng.TestNG.run(TestNG.java:1064)
	at org.apache.maven.surefire.testng.TestNGExecutor.run(TestNGExecutor.java:281)
	at org.apache.maven.surefire.testng.TestNGXmlTestSuite.execute(TestNGXmlTestSuite.java:75)
	at org.apache.maven.surefire.testng.TestNGProvider.invoke(TestNGProvider.java:121)
	at org.apache.maven.surefire.booter.ForkedBooter.invokeProviderInSameClassLoader(ForkedBooter.java:290)
	at org.apache.maven.surefire.booter.ForkedBooter.runSuitesInProcess(ForkedBooter.java:242)
	at org.apache.maven.surefire.booter.ForkedBooter.main(ForkedBooter.java:121)
]]>
            </full-stacktrace>
          </exception> <!-- java.lang.NullPointerException -->
          <reporter-output>
          </reporter-output>
        </test-method> <!-- csvUploadLoadPageTest -->
        <test-method status="SKIP" signature="csvUploadButtonTest()[pri:0, instance:testclasses.admin.CsvUploadMultiTest@18be83e4]" name="csvUploadButtonTest" duration-ms="0" started-at="2017-03-15T15:30:45Z" depends-on-methods="testclasses.admin.CsvUploadMultiTest.csvUploadLoadPageTest" finished-at="2017-03-15T15:30:45Z">
          <exception class="java.lang.Throwable">
            <message>
              <![CDATA[Method CsvUploadMultiTest.csvUploadButtonTest()[pri:0, instance:testclasses.admin.CsvUploadMultiTest@18be83e4] depends on not successfully finished methods]]>
            </message>
            <full-stacktrace>
              <![CDATA[java.lang.Throwable: Method CsvUploadMultiTest.csvUploadButtonTest()[pri:0, instance:testclasses.admin.CsvUploadMultiTest@18be83e4] depends on not successfully finished methods
	at org.testng.internal.Invoker.invokeTestMethods(Invoker.java:1037)
	at org.testng.internal.TestMethodWorker.invokeTestMethods(TestMethodWorker.java:129)
	at org.testng.internal.TestMethodWorker.run(TestMethodWorker.java:112)
	at org.testng.TestRunner.privateRun(TestRunner.java:782)
	at org.testng.TestRunner.run(TestRunner.java:632)
	at org.testng.SuiteRunner.runTest(SuiteRunner.java:366)
	at org.testng.SuiteRunner.runSequentially(SuiteRunner.java:361)
	at org.testng.SuiteRunner.privateRun(SuiteRunner.java:319)
	at org.testng.SuiteRunner.run(SuiteRunner.java:268)
	at org.testng.SuiteRunnerWorker.runSuite(SuiteRunnerWorker.java:52)
	at org.testng.SuiteRunnerWorker.run(SuiteRunnerWorker.java:86)
	at org.testng.TestNG.runSuitesSequentially(TestNG.java:1244)
	at org.testng.TestNG.runSuitesLocally(TestNG.java:1169)
	at org.testng.TestNG.run(TestNG.java:1064)
	at org.apache.maven.surefire.testng.TestNGExecutor.run(TestNGExecutor.java:281)
	at org.apache.maven.surefire.testng.TestNGXmlTestSuite.execute(TestNGXmlTestSuite.java:75)
	at org.apache.maven.surefire.testng.TestNGProvider.invoke(TestNGProvider.java:121)
	at org.apache.maven.surefire.booter.ForkedBooter.invokeProviderInSameClassLoader(ForkedBooter.java:290)
	at org.apache.maven.surefire.booter.ForkedBooter.runSuitesInProcess(ForkedBooter.java:242)
	at org.apache.maven.surefire.booter.ForkedBooter.main(ForkedBooter.java:121)
]]>
            </full-stacktrace>
          </exception> <!-- java.lang.Throwable -->
          <reporter-output>
          </reporter-output>
        </test-method> <!-- csvUploadButtonTest -->
        <test-method status="SKIP" signature="csvUploadSimcolonTest()[pri:0, instance:testclasses.admin.CsvUploadMultiTest@18be83e4]" name="csvUploadSimcolonTest" duration-ms="0" started-at="2017-03-15T15:30:45Z" depends-on-methods="testclasses.admin.CsvUploadMultiTest.csvUploadButtonTest" finished-at="2017-03-15T15:30:45Z">
          <exception class="java.lang.Throwable">
            <message>
              <![CDATA[Method CsvUploadMultiTest.csvUploadSimcolonTest()[pri:0, instance:testclasses.admin.CsvUploadMultiTest@18be83e4] depends on not successfully finished methods]]>
            </message>
            <full-stacktrace>
              <![CDATA[java.lang.Throwable: Method CsvUploadMultiTest.csvUploadSimcolonTest()[pri:0, instance:testclasses.admin.CsvUploadMultiTest@18be83e4] depends on not successfully finished methods
	at org.testng.internal.Invoker.invokeTestMethods(Invoker.java:1037)
	at org.testng.internal.TestMethodWorker.invokeTestMethods(TestMethodWorker.java:129)
	at org.testng.internal.TestMethodWorker.run(TestMethodWorker.java:112)
	at org.testng.TestRunner.privateRun(TestRunner.java:782)
	at org.testng.TestRunner.run(TestRunner.java:632)
	at org.testng.SuiteRunner.runTest(SuiteRunner.java:366)
	at org.testng.SuiteRunner.runSequentially(SuiteRunner.java:361)
	at org.testng.SuiteRunner.privateRun(SuiteRunner.java:319)
	at org.testng.SuiteRunner.run(SuiteRunner.java:268)
	at org.testng.SuiteRunnerWorker.runSuite(SuiteRunnerWorker.java:52)
	at org.testng.SuiteRunnerWorker.run(SuiteRunnerWorker.java:86)
	at org.testng.TestNG.runSuitesSequentially(TestNG.java:1244)
	at org.testng.TestNG.runSuitesLocally(TestNG.java:1169)
	at org.testng.TestNG.run(TestNG.java:1064)
	at org.apache.maven.surefire.testng.TestNGExecutor.run(TestNGExecutor.java:281)
	at org.apache.maven.surefire.testng.TestNGXmlTestSuite.execute(TestNGXmlTestSuite.java:75)
	at org.apache.maven.surefire.testng.TestNGProvider.invoke(TestNGProvider.java:121)
	at org.apache.maven.surefire.booter.ForkedBooter.invokeProviderInSameClassLoader(ForkedBooter.java:290)
	at org.apache.maven.surefire.booter.ForkedBooter.runSuitesInProcess(ForkedBooter.java:242)
	at org.apache.maven.surefire.booter.ForkedBooter.main(ForkedBooter.java:121)
]]>
            </full-stacktrace>
          </exception> <!-- java.lang.Throwable -->
          <reporter-output>
          </reporter-output>
        </test-method> <!-- csvUploadSimcolonTest -->
        <test-method status="PASS" signature="tearDown()[pri:0, instance:testclasses.admin.CsvUploadMultiTest@18be83e4]" name="tearDown" is-config="true" duration-ms="94" started-at="2017-03-15T15:30:45Z" finished-at="2017-03-15T15:30:45Z">
          <reporter-output>
          </reporter-output>
        </test-method> <!-- tearDown -->
      </class> <!-- testclasses.admin.CsvUploadMultiTest -->
    </test> <!-- Admin Candidate Upload File With Semicolns Multi Test Cases -->
  </suite> <!-- Regression Test Suite -->
</testng-results>
