<?xml version="1.0" encoding="UTF-8"?>
<!-- Generated by org.testng.reporters.JUnitXMLReporter -->
<testsuite hostname="arnoldasurbelis-VirtualBox" name="Admin Candidate List Preview Multi Test Cases" tests="4" failures="0" timestamp="15 Mar 2017 10:57:44 GMT" time="7.396" errors="0">
  <testcase name="csvUploadLoadPageTest" time="5.29" classname="testclasses.admin.CsvUploadMultiTest"/>
  <testcase name="csvPreviewButtonTest" time="0.834" classname="testclasses.admin.CsvUploadMultiTest"/>
  <testcase name="csvPreviewListWithCandidatesDisplayedTest" time="0.021" classname="testclasses.admin.CsvUploadMultiTest"/>
  <testcase name="csvPreviewCancelButtonTest" time="0.284" classname="testclasses.admin.CsvUploadMultiTest"/>
</testsuite> <!-- Admin Candidate List Preview Multi Test Cases -->
