<?xml version="1.0" encoding="UTF-8"?>
<!-- Generated by org.testng.reporters.JUnitXMLReporter -->
<testsuite hostname="manjaro" name="Admin Add Constituency Test Cases" tests="3" failures="0" timestamp="16 Mar 2017 08:29:27 GMT" time="7.171" errors="0">
  <testcase name="constituencyLoadPageTest" time="3.889" classname="testclasses.admin.ConstituencyTest"/>
  <testcase name="addNewConstituencyButtonTest" time="0.152" classname="testclasses.admin.ConstituencyTest"/>
  <testcase name="addNewConstituencyTest" time="0.5" classname="testclasses.admin.ConstituencyTest"/>
</testsuite> <!-- Admin Add Constituency Test Cases -->
