<?xml version="1.0" encoding="UTF-8"?>
<!-- Generated by org.testng.reporters.JUnitXMLReporter -->
<testsuite hostname="manjaro" name="Admin Candidate Upload File With Commas Multi Test Cases" tests="3" failures="0" timestamp="16 Mar 2017 08:31:41 GMT" time="11.675" errors="0">
  <testcase name="csvUploadLoadPageTest" time="4.026" classname="testclasses.admin.CsvUploadMultiTest"/>
  <testcase name="csvUploadButtonTest" time="0.777" classname="testclasses.admin.CsvUploadMultiTest"/>
  <testcase name="csvUploadCommasTest" time="4.35" classname="testclasses.admin.CsvUploadMultiTest"/>
</testsuite> <!-- Admin Candidate Upload File With Commas Multi Test Cases -->
