<?xml version="1.0" encoding="UTF-8"?>
<!-- Generated by org.testng.reporters.JUnitXMLReporter -->
<testsuite hostname="manjaro" name="Admin Candidate List Preview Single Test Cases" tests="4" failures="0" timestamp="16 Mar 2017 08:30:39 GMT" time="7.668" errors="0">
  <testcase name="csvUploadLoadPageTest" time="3.943" classname="testclasses.admin.CsvUploadSingleTest"/>
  <testcase name="csvPreviewButtonTest" time="0.832" classname="testclasses.admin.CsvUploadSingleTest"/>
  <testcase name="csvPreviewListWithCandidatesDisplayedTest" time="0.028" classname="testclasses.admin.CsvUploadSingleTest"/>
  <testcase name="csvPreviewCancelButtonTest" time="0.282" classname="testclasses.admin.CsvUploadSingleTest"/>
</testsuite> <!-- Admin Candidate List Preview Single Test Cases -->
