<?xml version="1.0" encoding="UTF-8"?>
<!-- Generated by org.testng.reporters.JUnitXMLReporter -->
<testsuite hostname="manjaro" name="Admin District Add Test Cases" tests="3" failures="0" timestamp="16 Mar 2017 08:29:43 GMT" time="8.118" errors="0">
  <testcase name="districtLoadPageTest" time="4.372" classname="testclasses.admin.DistrictTest"/>
  <testcase name="addNewDistrictButtonTest" time="0.174" classname="testclasses.admin.DistrictTest"/>
  <testcase name="addNewConstituencyTest" time="0.902" classname="testclasses.admin.DistrictTest"/>
</testsuite> <!-- Admin District Add Test Cases -->
