<?xml version="1.0" encoding="UTF-8"?>
<!-- Generated by org.testng.reporters.JUnitXMLReporter -->
<testsuite hostname="manjaro" name="Admin Candidate Upload File With Semicolns Multi Test Cases" tests="3" failures="0" timestamp="16 Mar 2017 08:31:52 GMT" time="11.735" errors="0">
  <testcase name="csvUploadLoadPageTest" time="3.842" classname="testclasses.admin.CsvUploadMultiTest"/>
  <testcase name="csvUploadButtonTest" time="0.754" classname="testclasses.admin.CsvUploadMultiTest"/>
  <testcase name="csvUploadSimcolonTest" time="4.467" classname="testclasses.admin.CsvUploadMultiTest"/>
</testsuite> <!-- Admin Candidate Upload File With Semicolns Multi Test Cases -->
