<?xml version="1.0" encoding="UTF-8"?>
<!-- Generated by org.testng.reporters.JUnitXMLReporter -->
<testsuite hostname="arnoldasurbelis-VirtualBox" name="Admin Parties Remove Test Cases" tests="2" failures="0" timestamp="15 Mar 2017 10:56:55 GMT" time="5.874" errors="0">
  <testcase name="partyLoadPageTest" time="3.852" classname="testclasses.admin.PartiesTest"/>
  <testcase name="removePartyTest" time="1.494" classname="testclasses.admin.PartiesTest"/>
</testsuite> <!-- Admin Parties Remove Test Cases -->
