<?xml version="1.0" encoding="UTF-8"?>
<!-- Generated by org.testng.reporters.JUnitXMLReporter -->
<testsuite hostname="arnoldasurbelis-VirtualBox" name="Admin Representative Preview Test Cases" tests="2" failures="0" timestamp="15 Mar 2017 10:56:38 GMT" time="5.001" errors="0">
  <testcase name="reprentativeLoadPageTest" time="4.303" classname="testclasses.admin.ReprentativeTest"/>
  <testcase name="correctPreviewTest" time="0.193" classname="testclasses.admin.ReprentativeTest"/>
</testsuite> <!-- Admin Representative Preview Test Cases -->
