<?xml version="1.0" encoding="UTF-8"?>
<!-- Generated by org.testng.reporters.JUnitXMLReporter -->
<testsuite hostname="arnoldasurbelis-VirtualBox" name="Admin Representative Add Test Cases" tests="2" failures="0" timestamp="15 Mar 2017 10:56:33 GMT" time="7.432" errors="0">
  <testcase name="reprentativeLoadPageTest" time="4.155" classname="testclasses.admin.ReprentativeTest"/>
  <testcase name="addNewReprentativeTest" time="2.725" classname="testclasses.admin.ReprentativeTest"/>
</testsuite> <!-- Admin Representative Add Test Cases -->
