<?xml version="1.0" encoding="UTF-8"?>
<!-- Generated by org.testng.reporters.JUnitXMLReporter -->
<testsuite hostname="manjaro" name="Admin Parties Test Cases" tests="3" failures="0" timestamp="16 Mar 2017 08:30:23 GMT" time="7.413" errors="0">
  <testcase name="partyLoadPageTest" time="3.781" classname="testclasses.admin.PartiesTest"/>
  <testcase name="addPartyButtonTest" time="0.252" classname="testclasses.admin.PartiesTest"/>
  <testcase name="addNewPartyTest" time="0.717" classname="testclasses.admin.PartiesTest"/>
</testsuite> <!-- Admin Parties Test Cases -->
