<?xml version="1.0" encoding="UTF-8"?>
<!-- Generated by org.testng.reporters.JUnitXMLReporter -->
<testsuite hostname="arnoldasurbelis-VirtualBox" name="Admin Representative Remove Test Cases" tests="2" failures="0" timestamp="15 Mar 2017 10:56:44 GMT" time="5.981" errors="0">
  <testcase name="reprentativeLoadPageTest" time="4.297" classname="testclasses.admin.ReprentativeTest"/>
  <testcase name="deleteRepresntativeTest" time="1.185" classname="testclasses.admin.ReprentativeTest"/>
</testsuite> <!-- Admin Representative Remove Test Cases -->
