<?xml version="1.0" encoding="UTF-8"?>
<!-- Generated by org.testng.reporters.JUnitXMLReporter -->
<testsuite hostname="arnoldasurbelis-VirtualBox" name="Admin Candidate List Preview Single Test Cases" tests="4" failures="0" timestamp="15 Mar 2017 10:57:01 GMT" time="6.089" errors="0">
  <testcase name="csvUploadLoadPageTest" time="4.283" classname="testclasses.admin.CsvUploadSingleTest"/>
  <testcase name="csvPreviewButtonTest" time="0.804" classname="testclasses.admin.CsvUploadSingleTest"/>
  <testcase name="csvPreviewListWithCandidatesDisplayedTest" time="0.021" classname="testclasses.admin.CsvUploadSingleTest"/>
  <testcase name="csvPreviewCancelButtonTest" time="0.247" classname="testclasses.admin.CsvUploadSingleTest"/>
</testsuite> <!-- Admin Candidate List Preview Single Test Cases -->
