<?xml version="1.0" encoding="UTF-8"?>
<!-- Generated by org.testng.reporters.JUnitXMLReporter -->
<testsuite hostname="manjaro" name="Admin Representative Preview Test Cases" tests="2" failures="0" timestamp="16 Mar 2017 08:30:08 GMT" time="7.011" errors="0">
  <testcase name="reprentativeLoadPageTest" time="4.098" classname="testclasses.admin.ReprentativeTest"/>
  <testcase name="correctPreviewTest" time="0.226" classname="testclasses.admin.ReprentativeTest"/>
</testsuite> <!-- Admin Representative Preview Test Cases -->
