<?xml version="1.0" encoding="UTF-8"?>
<!-- Generated by org.testng.reporters.JUnitXMLReporter -->
<testsuite hostname="arnoldasurbelis-VirtualBox" name="Admin Candidate Remove Single Test Cases" tests="3" failures="0" timestamp="15 Mar 2017 10:57:07 GMT" time="6.157" errors="0">
  <testcase name="csvUploadLoadPageTest" time="3.979" classname="testclasses.admin.CsvUploadSingleTest"/>
  <testcase name="csvPreviewButtonTest" time="0.864" classname="testclasses.admin.CsvUploadSingleTest"/>
  <testcase name="csvDeleteCandidatesTest" time="0.793" classname="testclasses.admin.CsvUploadSingleTest"/>
</testsuite> <!-- Admin Candidate Remove Single Test Cases -->
