<?xml version="1.0" encoding="UTF-8"?>
<!-- Generated by org.testng.reporters.JUnitXMLReporter -->
<testsuite hostname="arnoldasurbelis-VirtualBox" name="Admin Candidate Upload File With Commas Multi Test Cases" tests="3" failures="1" timestamp="15 Mar 2017 10:58:02 GMT" time="11.565" errors="0">
  <testcase name="csvUploadLoadPageTest" time="4.067" classname="testclasses.admin.CsvUploadMultiTest"/>
  <testcase name="csvUploadButtonTest" time="0.745" classname="testclasses.admin.CsvUploadMultiTest"/>
  <testcase name="csvUploadCommasTest" time="6.258" classname="testclasses.admin.CsvUploadMultiTest">
    <failure type="java.lang.AssertionError" message="Candidates havn`t been added expected [2] but found [1]">
      <![CDATA[java.lang.AssertionError: Candidates havn`t been added expected [2] but found [1]
	at _pages.admin.AdminCandidateUploadMulti.assertCsvUploadWithCommasWorks(AdminCandidateUploadMulti.java:134)
	at testclasses.admin.CsvUploadMultiTest.csvUploadCommasTest(CsvUploadMultiTest.java:66)
... Removed 29 stack frames]]>
    </failure>
  </testcase> <!-- csvUploadCommasTest -->
</testsuite> <!-- Admin Candidate Upload File With Commas Multi Test Cases -->
