<?xml version="1.0" encoding="UTF-8"?>
<!-- Generated by org.testng.reporters.JUnitXMLReporter -->
<testsuite hostname="manjaro" name="Admin Candidate Upload Single Test Cases" tests="4" failures="0" timestamp="14 Mar 2017 19:36:34 GMT" time="7.055" errors="0">
  <testcase name="csvUploadLoadPageTest" time="3.71" classname="testclasses.admin.CsvUploadSingleTest"/>
  <testcase name="csvPreviewButtonTest" time="0.858" classname="testclasses.admin.CsvUploadSingleTest"/>
  <testcase name="csvPreviewListWithCandidatesDisplayedTest" time="0.021" classname="testclasses.admin.CsvUploadSingleTest"/>
  <testcase name="csvPreviewCancelButtonTest" time="0.239" classname="testclasses.admin.CsvUploadSingleTest"/>
</testsuite> <!-- Admin Candidate Upload Single Test Cases -->
