<?xml version="1.0" encoding="UTF-8"?>
<!-- Generated by org.testng.reporters.JUnitXMLReporter -->
<testsuite hostname="manjaro" name="Admin Constituency remove Test Cases" tests="2" failures="0" timestamp="16 Mar 2017 08:29:35 GMT" time="7.896" errors="0">
  <testcase name="constituencyLoadPageTest" time="3.692" classname="testclasses.admin.ConstituencyTest"/>
  <testcase name="removeConstituencyTest" time="1.614" classname="testclasses.admin.ConstituencyTest"/>
</testsuite> <!-- Admin Constituency remove Test Cases -->
