<?xml version="1.0" encoding="UTF-8"?>
<!-- Generated by org.testng.reporters.JUnitXMLReporter -->
<testsuite hostname="arnoldasurbelis-VirtualBox" name="Admin Candidate Upload File With Semicolns Single Test Cases" tests="3" failures="1" timestamp="15 Mar 2017 10:57:36 GMT" time="14.65" errors="0">
  <testcase name="csvUploadLoadPageTest" time="4.008" classname="testclasses.admin.CsvUploadSingleTest"/>
  <testcase name="csvUploadButtonTest" time="0.812" classname="testclasses.admin.CsvUploadSingleTest"/>
  <testcase name="csvUploadSimcolonTest" time="9.339" classname="testclasses.admin.CsvUploadSingleTest">
    <failure type="java.lang.AssertionError" message="Candidates havn`t been added expected [2] but found [1]">
      <![CDATA[java.lang.AssertionError: Candidates havn`t been added expected [2] but found [1]
	at _pages.admin.AdminCandidateUploadSingle.assertCsvUploadWithSemicolonWorks(AdminCandidateUploadSingle.java:138)
	at testclasses.admin.CsvUploadSingleTest.csvUploadSimcolonTest(CsvUploadSingleTest.java:71)
... Removed 29 stack frames]]>
    </failure>
  </testcase> <!-- csvUploadSimcolonTest -->
</testsuite> <!-- Admin Candidate Upload File With Semicolns Single Test Cases -->
