<?xml version="1.0" encoding="UTF-8"?>
<!-- Generated by org.testng.reporters.JUnitXMLReporter -->
<testsuite hostname="manjaro" name="Admin Candidate List Preview Multi Test Cases" tests="4" failures="0" timestamp="16 Mar 2017 08:31:20 GMT" time="9.238" errors="0">
  <testcase name="csvUploadLoadPageTest" time="3.942" classname="testclasses.admin.CsvUploadMultiTest"/>
  <testcase name="csvPreviewButtonTest" time="0.81" classname="testclasses.admin.CsvUploadMultiTest"/>
  <testcase name="csvPreviewListWithCandidatesDisplayedTest" time="0.019" classname="testclasses.admin.CsvUploadMultiTest"/>
  <testcase name="csvPreviewCancelButtonTest" time="0.304" classname="testclasses.admin.CsvUploadMultiTest"/>
</testsuite> <!-- Admin Candidate List Preview Multi Test Cases -->
