<?xml version="1.0" encoding="UTF-8"?>
<!-- Generated by org.testng.reporters.JUnitXMLReporter -->
<testsuite hostname="manjaro" name="Admin Candidate Remove Single Test Cases" tests="3" failures="0" timestamp="16 Mar 2017 08:30:47 GMT" time="8.068" errors="0">
  <testcase name="csvUploadLoadPageTest" time="3.882" classname="testclasses.admin.CsvUploadSingleTest"/>
  <testcase name="csvPreviewButtonTest" time="0.833" classname="testclasses.admin.CsvUploadSingleTest"/>
  <testcase name="csvDeleteCandidatesTest" time="0.74" classname="testclasses.admin.CsvUploadSingleTest"/>
</testsuite> <!-- Admin Candidate Remove Single Test Cases -->
