<?xml version="1.0" encoding="UTF-8"?>
<!-- Generated by org.testng.reporters.JUnitXMLReporter -->
<testsuite hostname="manjaro" name="Admin Representative Test Cases" tests="3" failures="0" timestamp="14 Mar 2017 19:16:12 GMT" time="12.902" errors="0">
  <testcase name="addReprentativeLoadPageTest" time="3.996" classname="testclasses.admin.ReprentativeTest"/>
  <testcase name="previewReprentativeLoadPageTest" time="3.43" classname="testclasses.admin.ReprentativeTest"/>
  <testcase name="deleteRepresntativeTest" time="0.928" classname="testclasses.admin.ReprentativeTest"/>
</testsuite> <!-- Admin Representative Test Cases -->
