<?xml version="1.0" encoding="UTF-8"?>
<!-- Generated by org.testng.reporters.JUnitXMLReporter -->
<testsuite hostname="arnoldasurbelis-VirtualBox" name="Admin District Remove Test Cases" tests="2" failures="0" timestamp="15 Mar 2017 10:56:25 GMT" time="6.401" errors="0">
  <testcase name="districtLoadPageTest" time="4.275" classname="testclasses.admin.DistrictTest"/>
  <testcase name="removeDistrictTest" time="1.527" classname="testclasses.admin.DistrictTest"/>
</testsuite> <!-- Admin District Remove Test Cases -->
