<?xml version="1.0" encoding="UTF-8"?>
<!-- Generated by org.testng.reporters.JUnitXMLReporter -->
<testsuite hostname="arnoldasurbelis-VirtualBox" name="Admin Candidate Remove Multi Test Cases" tests="3" failures="0" timestamp="15 Mar 2017 10:57:50 GMT" time="6.409" errors="0">
  <testcase name="csvUploadLoadPageTest" time="4.014" classname="testclasses.admin.CsvUploadMultiTest"/>
  <testcase name="csvPreviewButtonTest" time="0.834" classname="testclasses.admin.CsvUploadMultiTest"/>
  <testcase name="csvDeleteCandidatesTest" time="0.744" classname="testclasses.admin.CsvUploadMultiTest"/>
</testsuite> <!-- Admin Candidate Remove Multi Test Cases -->
