<?xml version="1.0" encoding="UTF-8"?>
<!-- Generated by org.testng.reporters.JUnitXMLReporter -->
<testsuite hostname="arnoldasurbelis-VirtualBox" name="Admin Login Test Cases" tests="3" failures="0" timestamp="15 Mar 2017 10:56:02 GMT" time="7.572" errors="0">
  <testcase name="testLoginPage" time="4.147" classname="testclasses.admin.AdminLoginTest"/>
  <testcase name="testLoginPage" time="1.405" classname="testclasses.admin.AdminLoginTest"/>
  <testcase name="testLoginPage" time="1.407" classname="testclasses.admin.AdminLoginTest"/>
</testsuite> <!-- Admin Login Test Cases -->
