<?xml version="1.0" encoding="UTF-8"?>
<!-- Generated by org.testng.reporters.JUnitXMLReporter -->
<testsuite hostname="manjaro" name="Admin Candidate Upload File With Semicolns Single Test Cases" tests="3" failures="0" timestamp="16 Mar 2017 08:31:11 GMT" time="12.886" errors="0">
  <testcase name="csvUploadLoadPageTest" time="4.934" classname="testclasses.admin.CsvUploadSingleTest"/>
  <testcase name="csvUploadButtonTest" time="0.776" classname="testclasses.admin.CsvUploadSingleTest"/>
  <testcase name="csvUploadSimcolonTest" time="4.517" classname="testclasses.admin.CsvUploadSingleTest"/>
</testsuite> <!-- Admin Candidate Upload File With Semicolns Single Test Cases -->
