<?xml version="1.0" encoding="UTF-8"?>
<!-- Generated by org.testng.reporters.JUnitXMLReporter -->
<testsuite hostname="arnoldasurbelis-VirtualBox" name="Admin Candidate Upload File With Semicolns Multi Test Cases" tests="3" failures="1" timestamp="15 Mar 2017 10:58:18 GMT" time="16.751" errors="0">
  <testcase name="csvUploadLoadPageTest" time="4.006" classname="testclasses.admin.CsvUploadMultiTest"/>
  <testcase name="csvUploadButtonTest" time="0.764" classname="testclasses.admin.CsvUploadMultiTest"/>
  <testcase name="csvUploadSimcolonTest" time="11.356" classname="testclasses.admin.CsvUploadMultiTest">
    <failure type="java.lang.AssertionError" message="Candidates havn`t been added expected [2] but found [1]">
      <![CDATA[java.lang.AssertionError: Candidates havn`t been added expected [2] but found [1]
	at _pages.admin.AdminCandidateUploadMulti.assertCsvUploadWithSemicolonWorks(AdminCandidateUploadMulti.java:155)
	at testclasses.admin.CsvUploadMultiTest.csvUploadSimcolonTest(CsvUploadMultiTest.java:71)
... Removed 29 stack frames]]>
    </failure>
  </testcase> <!-- csvUploadSimcolonTest -->
</testsuite> <!-- Admin Candidate Upload File With Semicolns Multi Test Cases -->
