<?xml version="1.0" encoding="UTF-8"?>
<!-- Generated by org.testng.reporters.JUnitXMLReporter -->
<testsuite hostname="manjaro" name="Admin District Remove Test Cases" tests="2" failures="0" timestamp="16 Mar 2017 08:29:51 GMT" time="8.232" errors="0">
  <testcase name="districtLoadPageTest" time="4.102" classname="testclasses.admin.DistrictTest"/>
  <testcase name="removeDistrictTest" time="1.467" classname="testclasses.admin.DistrictTest"/>
</testsuite> <!-- Admin District Remove Test Cases -->
