<?xml version="1.0" encoding="UTF-8"?>
<!-- Generated by org.testng.reporters.JUnitXMLReporter -->
<testsuite hostname="arnoldasurbelis-VirtualBox" name="Admin District Add Test Cases" tests="3" failures="0" timestamp="15 Mar 2017 10:56:19 GMT" time="5.679" errors="0">
  <testcase name="districtLoadPageTest" time="4.122" classname="testclasses.admin.DistrictTest"/>
  <testcase name="addNewDistrictButtonTest" time="0.145" classname="testclasses.admin.DistrictTest"/>
  <testcase name="addNewConstituencyTest" time="0.89" classname="testclasses.admin.DistrictTest"/>
</testsuite> <!-- Admin District Add Test Cases -->
