<?xml version="1.0" encoding="UTF-8"?>
<!-- Generated by org.testng.reporters.JUnitXMLReporter -->
<testsuite hostname="arnoldasurbelis-VirtualBox" name="Admin Constituency remove Test Cases" tests="2" failures="0" timestamp="15 Mar 2017 10:56:13 GMT" time="6.059" errors="0">
  <testcase name="constituencyLoadPageTest" time="4.034" classname="testclasses.admin.ConstituencyTest"/>
  <testcase name="removeConstituencyTest" time="1.522" classname="testclasses.admin.ConstituencyTest"/>
</testsuite> <!-- Admin Constituency remove Test Cases -->
