<?xml version="1.0" encoding="UTF-8"?>
<!-- Generated by org.testng.reporters.JUnitXMLReporter -->
<testsuite hostname="manjaro" name="Admin Constituency add Test Cases" tests="3" failures="0" timestamp="14 Mar 2017 20:39:47 GMT" time="5.859" errors="0">
  <testcase name="constituencyLoadPageTest" time="3.616" classname="testclasses.admin.ConstituencyTest"/>
  <testcase name="addNewConstituencyButtonTest" time="0.136" classname="testclasses.admin.ConstituencyTest"/>
  <testcase name="addNewConstituencyTest" time="0.45" classname="testclasses.admin.ConstituencyTest"/>
</testsuite> <!-- Admin Constituency add Test Cases -->
