<?xml version="1.0" encoding="UTF-8"?>
<!-- Generated by org.testng.reporters.JUnitXMLReporter -->
<testsuite hostname="manjaro" name="Admin Login Test Cases" tests="3" failures="0" timestamp="16 Mar 2017 08:29:20 GMT" time="9.528" errors="0">
  <testcase name="testLoginPage" time="3.843" classname="testclasses.admin.AdminLoginTest"/>
  <testcase name="testLoginPage" time="1.434" classname="testclasses.admin.AdminLoginTest"/>
  <testcase name="testLoginPage" time="1.552" classname="testclasses.admin.AdminLoginTest"/>
</testsuite> <!-- Admin Login Test Cases -->
