<?xml version="1.0" encoding="UTF-8"?>
<!-- Generated by org.testng.reporters.JUnitXMLReporter -->
<testsuite hostname="manjaro" name="Candidate Search Test Cases" tests="6" failures="0" timestamp="16 Mar 2017 08:28:31 GMT" time="6.626" errors="0">
  <testcase name="candidateSearchLoadPageTest" time="2.07" classname="testclasses._public.CandidateSearchTest"/>
  <testcase name="candidateSearchByNameTest" time="0.365" classname="testclasses._public.CandidateSearchTest"/>
  <testcase name="candidateSearchBySurnameTest" time="0.233" classname="testclasses._public.CandidateSearchTest"/>
  <testcase name="candidateSearchByPartyTest" time="0.299" classname="testclasses._public.CandidateSearchTest"/>
  <testcase name="candidateSearchByAbbreviationTest" time="0.17" classname="testclasses._public.CandidateSearchTest"/>
  <testcase name="candidateSearchByConstituencyTest" time="0.196" classname="testclasses._public.CandidateSearchTest"/>
</testsuite> <!-- Candidate Search Test Cases -->
