<?xml version="1.0" encoding="UTF-8"?>
<!-- Generated by org.testng.reporters.JUnitXMLReporter -->
<testsuite hostname="arnoldasurbelis-VirtualBox" name="Candidate Search Test Cases" tests="6" failures="0" timestamp="15 Mar 2017 10:55:28 GMT" time="4.628" errors="0">
  <testcase name="candidateSearchLoadPageTest" time="2.441" classname="testclasses._public.CandidateSearchTest"/>
  <testcase name="candidateSearchByNameTest" time="0.282" classname="testclasses._public.CandidateSearchTest"/>
  <testcase name="candidateSearchBySurnameTest" time="0.192" classname="testclasses._public.CandidateSearchTest"/>
  <testcase name="candidateSearchByPartyTest" time="0.253" classname="testclasses._public.CandidateSearchTest"/>
  <testcase name="candidateSearchByAbbreviationTest" time="0.169" classname="testclasses._public.CandidateSearchTest"/>
  <testcase name="candidateSearchByConstituencyTest" time="0.169" classname="testclasses._public.CandidateSearchTest"/>
</testsuite> <!-- Candidate Search Test Cases -->
