<?xml version="1.0" encoding="UTF-8"?>
<!-- Generated by org.testng.reporters.JUnitXMLReporter -->
<testsuite hostname="arnoldasurbelis-VirtualBox" name="Representative Vote Registration Single Test Cases" tests="2" failures="0" timestamp="15 Mar 2017 10:55:48 GMT" time="6.06" errors="0">
  <testcase name="voteRegistrationLoadPageTest" time="3.299" classname="testclasses.rep.VoteRegistrationSingleTest"/>
  <testcase name="voteRegistrationForSingleTest" time="2.131" classname="testclasses.rep.VoteRegistrationSingleTest"/>
</testsuite> <!-- Representative Vote Registration Single Test Cases -->
