<?xml version="1.0" encoding="UTF-8"?>
<!-- Generated by org.testng.reporters.JUnitXMLReporter -->
<testsuite hostname="arnoldasurbelis-VirtualBox" name="Representative Vote Registration Multi Test Cases" tests="2" failures="0" timestamp="15 Mar 2017 10:55:55 GMT" time="6.03" errors="0">
  <testcase name="voteRegistrationLoadPageTest" time="3.381" classname="testclasses.rep.VoteRegistrationMultiTest"/>
  <testcase name="voteRegistrationForMultiTest" time="2.13" classname="testclasses.rep.VoteRegistrationMultiTest"/>
</testsuite> <!-- Representative Vote Registration Multi Test Cases -->
