<?xml version="1.0" encoding="UTF-8"?>
<!-- Generated by org.testng.reporters.JUnitXMLReporter -->
<testsuite hostname="manjaro" name="Representative Vote Registration Multi Test Cases" tests="2" failures="0" timestamp="16 Mar 2017 08:29:10 GMT" time="7.827" errors="0">
  <testcase name="voteRegistrationLoadPageTest" time="3.24" classname="testclasses.rep.VoteRegistrationMultiTest"/>
  <testcase name="voteRegistrationForMultiTest" time="1.945" classname="testclasses.rep.VoteRegistrationMultiTest"/>
</testsuite> <!-- Representative Vote Registration Multi Test Cases -->
