<?xml version="1.0" encoding="UTF-8"?>
<!-- Generated by org.testng.reporters.JUnitXMLReporter -->
<testsuite hostname="arnoldasurbelis-VirtualBox" name="Representative Login Test Cases" tests="2" failures="0" timestamp="15 Mar 2017 10:55:42 GMT" time="5.572" errors="0">
  <testcase name="testLoginPage" time="3.458" classname="testclasses.rep.RepresentativeLoginTest"/>
  <testcase name="testLoginPage" time="1.549" classname="testclasses.rep.RepresentativeLoginTest"/>
</testsuite> <!-- Representative Login Test Cases -->
