<?xml version="1.0" encoding="UTF-8"?>
<!-- Generated by org.testng.reporters.JUnitXMLReporter -->
<testsuite hostname="manjaro" name="Representative Vote Registration Single Test Cases" tests="2" failures="0" timestamp="16 Mar 2017 08:29:02 GMT" time="8.115" errors="0">
  <testcase name="voteRegistrationLoadPageTest" time="3.463" classname="testclasses.rep.VoteRegistrationSingleTest"/>
  <testcase name="voteRegistrationForSingleTest" time="2.024" classname="testclasses.rep.VoteRegistrationSingleTest"/>
</testsuite> <!-- Representative Vote Registration Single Test Cases -->
