<?xml version="1.0" encoding="UTF-8"?>
<!-- Generated by org.testng.reporters.JUnitXMLReporter -->
<testsuite hostname="manjaro" name="Results For Public Viewers Preview Multi Test Cases" tests="3" failures="0" timestamp="16 Mar 2017 08:28:47 GMT" time="7.807" errors="0">
  <testcase name="resultPreviewMultiTest" time="2.469" classname="testclasses._public.PublicResultsMultiTest"/>
  <testcase name="resultPreviewForMultiConsituencyTest" time="1.389" classname="testclasses._public.PublicResultsMultiTest"/>
  <testcase name="resultPreviewForMultiConsituencyDistrictTest" time="1.287" classname="testclasses._public.PublicResultsMultiTest"/>
</testsuite> <!-- Results For Public Viewers Preview Multi Test Cases -->
