<?xml version="1.0" encoding="UTF-8"?>
<!-- Generated by org.testng.reporters.JUnitXMLReporter -->
<testsuite hostname="manjaro" name="Results For Public Viewers Preview Single Test Cases" tests="3" failures="0" timestamp="16 Mar 2017 08:28:39 GMT" time="7.482" errors="0">
  <testcase name="resultPreviewSingleTest" time="2.226" classname="testclasses._public.PublicResultsSingleTest"/>
  <testcase name="resultPreviewForSingleConsituencyTest" time="1.355" classname="testclasses._public.PublicResultsSingleTest"/>
  <testcase name="resultPreviewForSingleConsituencyDistrictTest" time="1.271" classname="testclasses._public.PublicResultsSingleTest"/>
</testsuite> <!-- Results For Public Viewers Preview Single Test Cases -->
