<?xml version="1.0" encoding="UTF-8"?>
<!-- Generated by org.testng.reporters.JUnitXMLReporter -->
<testsuite hostname="arnoldasurbelis-VirtualBox" name="Results For Public Viewers Preview Multi Test Cases" tests="3" failures="0" timestamp="15 Mar 2017 10:55:37 GMT" time="4.294" errors="0">
  <testcase name="resultPreviewMultiTest" time="2.636" classname="testclasses._public.PublicResultsMultiTest"/>
  <testcase name="resultPreviewForMultiConsituencyTest" time="0.878" classname="testclasses._public.PublicResultsMultiTest"/>
  <testcase name="resultPreviewForMultiConsituencyDistrictTest" time="0.296" classname="testclasses._public.PublicResultsMultiTest"/>
</testsuite> <!-- Results For Public Viewers Preview Multi Test Cases -->
