<?xml version="1.0" encoding="UTF-8"?>
<!-- Generated by org.testng.reporters.JUnitXMLReporter -->
<testsuite hostname="manjaro" name="PublicRoleSmokeTest" tests="7" failures="0" timestamp="16 Mar 2017 08:26:33 GMT" time="18.476" errors="0">
  <testcase name="testPublicHomePage" time="2.942" classname="smoketest.PublicSmokeTest"/>
  <testcase name="testPublicCandidatesPage" time="2.928" classname="smoketest.PublicSmokeTest"/>
  <testcase name="testPublicFinalResultsPage" time="2.358" classname="smoketest.PublicSmokeTest"/>
  <testcase name="testPublicMembersList" time="1.991" classname="smoketest.PublicSmokeTest"/>
  <testcase name="testPublicResultsSingle" time="1.65" classname="smoketest.PublicSmokeTest"/>
  <testcase name="testPublicLogin" time="1.913" classname="smoketest.PublicSmokeTest"/>
  <testcase name="testPublicResultsMulti" time="1.367" classname="smoketest.PublicSmokeTest"/>
</testsuite> <!-- PublicRoleSmokeTest -->
