<?xml version="1.0" encoding="UTF-8"?>
<!-- Generated by org.testng.reporters.JUnitXMLReporter -->
<testsuite hostname="manjaro" name="Admin Representative Remove Test Cases" tests="2" failures="1" timestamp="15 Mar 2017 13:35:07 GMT" time="1.441" errors="0">
  <testcase name="reprentativeLoadPageTest" time="0.0" classname="testclasses.admin.ReprentativeTest">
    <failure type="java.lang.NullPointerException">
      <![CDATA[java.lang.NullPointerException
	at _utils.DataBaseInsert.deleteAllDataInDataBase(DataBaseInsert.java:56)
	at _utils.DataBaseInsert.insertDataToDataBaseFromFile(DataBaseInsert.java:39)
	at testclasses.admin.ReprentativeTest.reprentativeLoadPageTest(ReprentativeTest.java:28)
... Removed 27 stack frames]]>
    </failure>
  </testcase> <!-- reprentativeLoadPageTest -->
  <testcase name="deleteRepresntativeTest" time="0.0" classname="testclasses.admin.ReprentativeTest">
    <skipped/>
  </testcase> <!-- deleteRepresntativeTest -->
</testsuite> <!-- Admin Representative Remove Test Cases -->
