<?xml version="1.0" encoding="UTF-8"?>
<!-- Generated by org.testng.reporters.JUnitXMLReporter -->
<testsuite hostname="manjaro" name="Admin District Add Test Cases" tests="3" failures="1" timestamp="15 Mar 2017 13:35:01 GMT" time="1.425" errors="0">
  <testcase name="districtLoadPageTest" time="0.001" classname="testclasses.admin.DistrictTest">
    <failure type="java.lang.NullPointerException">
      <![CDATA[java.lang.NullPointerException
	at _utils.DataBaseInsert.deleteAllDataInDataBase(DataBaseInsert.java:56)
	at _utils.DataBaseInsert.insertDataToDataBaseFromFile(DataBaseInsert.java:39)
	at testclasses.admin.DistrictTest.districtLoadPageTest(DistrictTest.java:18)
... Removed 27 stack frames]]>
    </failure>
  </testcase> <!-- districtLoadPageTest -->
  <testcase name="addNewDistrictButtonTest" time="0.0" classname="testclasses.admin.DistrictTest">
    <skipped/>
  </testcase> <!-- addNewDistrictButtonTest -->
  <testcase name="addNewConstituencyTest" time="0.001" classname="testclasses.admin.DistrictTest">
    <skipped/>
  </testcase> <!-- addNewConstituencyTest -->
</testsuite> <!-- Admin District Add Test Cases -->
