<?xml version="1.0" encoding="UTF-8"?>
<!-- Generated by org.testng.reporters.JUnitXMLReporter -->
<testsuite hostname="manjaro" name="Admin Candidate Remove Single Test Cases" tests="3" failures="1" timestamp="15 Mar 2017 13:30:36 GMT" time="1.441" errors="0">
  <testcase name="csvUploadLoadPageTest" time="0.015" classname="testclasses.admin.CsvUploadSingleTest">
    <failure type="java.lang.NullPointerException">
      <![CDATA[java.lang.NullPointerException
	at _utils.DataBaseInsert.deleteAllDataInDataBase(DataBaseInsert.java:56)
	at _utils.DataBaseInsert.insertDataToDataBaseFromFile(DataBaseInsert.java:39)
	at testclasses.admin.CsvUploadSingleTest.csvUploadLoadPageTest(CsvUploadSingleTest.java:26)
... Removed 27 stack frames]]>
    </failure>
  </testcase> <!-- csvUploadLoadPageTest -->
  <testcase name="csvPreviewButtonTest" time="0.0" classname="testclasses.admin.CsvUploadSingleTest">
    <skipped/>
  </testcase> <!-- csvPreviewButtonTest -->
  <testcase name="csvDeleteCandidatesTest" time="0.0" classname="testclasses.admin.CsvUploadSingleTest">
    <skipped/>
  </testcase> <!-- csvDeleteCandidatesTest -->
</testsuite> <!-- Admin Candidate Remove Single Test Cases -->
