<?xml version="1.0" encoding="UTF-8"?>
<!-- Generated by org.testng.reporters.JUnitXMLReporter -->
<testsuite hostname="manjaro" name="Admin Parties Test Cases" tests="3" failures="1" timestamp="15 Mar 2017 13:30:32 GMT" time="1.489" errors="0">
  <testcase name="partyLoadPageTest" time="0.001" classname="testclasses.admin.PartiesTest">
    <failure type="java.lang.NullPointerException">
      <![CDATA[java.lang.NullPointerException
	at _utils.DataBaseInsert.deleteAllDataInDataBase(DataBaseInsert.java:56)
	at _utils.DataBaseInsert.insertDataToDataBaseFromFile(DataBaseInsert.java:39)
	at testclasses.admin.PartiesTest.partyLoadPageTest(PartiesTest.java:26)
... Removed 27 stack frames]]>
    </failure>
  </testcase> <!-- partyLoadPageTest -->
  <testcase name="addPartyButtonTest" time="0.0" classname="testclasses.admin.PartiesTest">
    <skipped/>
  </testcase> <!-- addPartyButtonTest -->
  <testcase name="addNewPartyTest" time="0.0" classname="testclasses.admin.PartiesTest">
    <skipped/>
  </testcase> <!-- addNewPartyTest -->
</testsuite> <!-- Admin Parties Test Cases -->
