<?xml version="1.0" encoding="UTF-8"?>
<!-- Generated by org.testng.reporters.JUnitXMLReporter -->
<testsuite hostname="manjaro" name="Admin Candidate Upload File With Semicolns Multi Test Cases" tests="3" failures="1" timestamp="15 Mar 2017 13:30:45 GMT" time="1.424" errors="0">
  <testcase name="csvUploadLoadPageTest" time="0.0" classname="testclasses.admin.CsvUploadMultiTest">
    <failure type="java.lang.NullPointerException">
      <![CDATA[java.lang.NullPointerException
	at _utils.DataBaseInsert.deleteAllDataInDataBase(DataBaseInsert.java:56)
	at _utils.DataBaseInsert.insertDataToDataBaseFromFile(DataBaseInsert.java:39)
	at testclasses.admin.CsvUploadMultiTest.csvUploadLoadPageTest(CsvUploadMultiTest.java:26)
... Removed 27 stack frames]]>
    </failure>
  </testcase> <!-- csvUploadLoadPageTest -->
  <testcase name="csvUploadButtonTest" time="0.0" classname="testclasses.admin.CsvUploadMultiTest">
    <skipped/>
  </testcase> <!-- csvUploadButtonTest -->
  <testcase name="csvUploadSimcolonTest" time="0.0" classname="testclasses.admin.CsvUploadMultiTest">
    <skipped/>
  </testcase> <!-- csvUploadSimcolonTest -->
</testsuite> <!-- Admin Candidate Upload File With Semicolns Multi Test Cases -->
