<?xml version="1.0" encoding="UTF-8"?>
<!-- Generated by org.testng.reporters.JUnitXMLReporter -->
<testsuite hostname="manjaro" name="Admin Constituency remove Test Cases" tests="2" failures="1" timestamp="15 Mar 2017 13:34:59 GMT" time="1.478" errors="0">
  <testcase name="constituencyLoadPageTest" time="0.001" classname="testclasses.admin.ConstituencyTest">
    <failure type="java.lang.NullPointerException">
      <![CDATA[java.lang.NullPointerException
	at _utils.DataBaseInsert.deleteAllDataInDataBase(DataBaseInsert.java:56)
	at _utils.DataBaseInsert.insertDataToDataBaseFromFile(DataBaseInsert.java:39)
	at testclasses.admin.ConstituencyTest.constituencyLoadPageTest(ConstituencyTest.java:26)
... Removed 27 stack frames]]>
    </failure>
  </testcase> <!-- constituencyLoadPageTest -->
  <testcase name="removeConstituencyTest" time="0.0" classname="testclasses.admin.ConstituencyTest">
    <skipped/>
  </testcase> <!-- removeConstituencyTest -->
</testsuite> <!-- Admin Constituency remove Test Cases -->
