<?xml version="1.0" encoding="UTF-8"?>
<!-- Generated by org.testng.reporters.JUnitXMLReporter -->
<testsuite hostname="manjaro" name="Admin Parties Remove Test Cases" tests="2" failures="1" timestamp="15 Mar 2017 13:30:34 GMT" time="1.448" errors="0">
  <testcase name="partyLoadPageTest" time="0.0" classname="testclasses.admin.PartiesTest">
    <failure type="java.lang.NullPointerException">
      <![CDATA[java.lang.NullPointerException
	at _utils.DataBaseInsert.deleteAllDataInDataBase(DataBaseInsert.java:56)
	at _utils.DataBaseInsert.insertDataToDataBaseFromFile(DataBaseInsert.java:39)
	at testclasses.admin.PartiesTest.partyLoadPageTest(PartiesTest.java:26)
... Removed 27 stack frames]]>
    </failure>
  </testcase> <!-- partyLoadPageTest -->
  <testcase name="removePartyTest" time="0.0" classname="testclasses.admin.PartiesTest">
    <skipped/>
  </testcase> <!-- removePartyTest -->
</testsuite> <!-- Admin Parties Remove Test Cases -->
