<?xml version="1.0" encoding="UTF-8"?>
<!-- Generated by org.testng.reporters.JUnitXMLReporter -->
<testsuite hostname="manjaro" name="Candidate Search Test Cases" tests="6" failures="1" timestamp="15 Mar 2017 13:34:32 GMT" time="9.196" errors="0">
  <testcase name="candidateSearchLoadPageTest" time="0.028" classname="testclasses._public.CandidateSearchTest">
    <failure type="java.lang.NullPointerException">
      <![CDATA[java.lang.NullPointerException
	at _utils.DataBaseInsert.deleteAllDataInDataBase(DataBaseInsert.java:56)
	at _utils.DataBaseInsert.insertDataToDataBaseFromFile(DataBaseInsert.java:39)
	at testclasses._public.CandidateSearchTest.candidateSearchLoadPageTest(CandidateSearchTest.java:24)
... Removed 27 stack frames]]>
    </failure>
  </testcase> <!-- candidateSearchLoadPageTest -->
  <testcase name="candidateSearchByNameTest" time="0.0" classname="testclasses._public.CandidateSearchTest">
    <skipped/>
  </testcase> <!-- candidateSearchByNameTest -->
  <testcase name="candidateSearchBySurnameTest" time="0.0" classname="testclasses._public.CandidateSearchTest">
    <skipped/>
  </testcase> <!-- candidateSearchBySurnameTest -->
  <testcase name="candidateSearchByPartyTest" time="0.0" classname="testclasses._public.CandidateSearchTest">
    <skipped/>
  </testcase> <!-- candidateSearchByPartyTest -->
  <testcase name="candidateSearchByAbbreviationTest" time="0.0" classname="testclasses._public.CandidateSearchTest">
    <skipped/>
  </testcase> <!-- candidateSearchByAbbreviationTest -->
  <testcase name="candidateSearchByConstituencyTest" time="0.0" classname="testclasses._public.CandidateSearchTest">
    <skipped/>
  </testcase> <!-- candidateSearchByConstituencyTest -->
</testsuite> <!-- Candidate Search Test Cases -->
