<?xml version="1.0" encoding="UTF-8"?>
<!-- Generated by org.testng.reporters.JUnitXMLReporter -->
<testsuite hostname="manjaro" name="Representative Vote Registration Multi Test Cases" tests="2" failures="1" timestamp="15 Mar 2017 13:34:48 GMT" time="1.517" errors="0">
  <testcase name="voteRegistrationLoadPageTest" time="0.0" classname="testclasses.rep.VoteRegistrationMultiTest">
    <failure type="java.lang.NullPointerException">
      <![CDATA[java.lang.NullPointerException
	at _utils.DataBaseInsert.deleteAllDataInDataBase(DataBaseInsert.java:56)
	at _utils.DataBaseInsert.insertDataToDataBaseFromFile(DataBaseInsert.java:39)
	at testclasses.rep.VoteRegistrationMultiTest.voteRegistrationLoadPageTest(VoteRegistrationMultiTest.java:18)
... Removed 27 stack frames]]>
    </failure>
  </testcase> <!-- voteRegistrationLoadPageTest -->
  <testcase name="voteRegistrationForMultiTest" time="0.0" classname="testclasses.rep.VoteRegistrationMultiTest">
    <skipped/>
  </testcase> <!-- voteRegistrationForMultiTest -->
</testsuite> <!-- Representative Vote Registration Multi Test Cases -->
