<?xml version="1.0" encoding="UTF-8"?>
<!-- Generated by org.testng.reporters.JUnitXMLReporter -->
<testsuite hostname="manjaro" name="Results For Public Viewers Preview Multi Test Cases" tests="3" failures="1" timestamp="15 Mar 2017 13:34:36 GMT" time="1.663" errors="0">
  <testcase name="resultPreviewMultiTest" time="0.0" classname="testclasses._public.PublicResultsMultiTest">
    <failure type="java.lang.NullPointerException">
      <![CDATA[java.lang.NullPointerException
	at _utils.DataBaseInsert.deleteAllDataInDataBase(DataBaseInsert.java:56)
	at _utils.DataBaseInsert.insertDataToDataBaseFromFile(DataBaseInsert.java:39)
	at testclasses._public.PublicResultsMultiTest.resultPreviewMultiTest(PublicResultsMultiTest.java:24)
... Removed 27 stack frames]]>
    </failure>
  </testcase> <!-- resultPreviewMultiTest -->
  <testcase name="resultPreviewForMultiConsituencyTest" time="0.0" classname="testclasses._public.PublicResultsMultiTest">
    <skipped/>
  </testcase> <!-- resultPreviewForMultiConsituencyTest -->
  <testcase name="resultPreviewForMultiConsituencyDistrictTest" time="0.0" classname="testclasses._public.PublicResultsMultiTest">
    <skipped/>
  </testcase> <!-- resultPreviewForMultiConsituencyDistrictTest -->
</testsuite> <!-- Results For Public Viewers Preview Multi Test Cases -->
