<?xml version="1.0" encoding="UTF-8"?>
<!-- Generated by org.testng.reporters.JUnitXMLReporter -->
<testsuite hostname="manjaro" name="Default test" tests="6" failures="0" timestamp="16 Mar 2017 08:28:18 GMT" time="9.421" errors="0">
  <testcase name="testLoginPage" time="2.281" classname="smoketest.RespresentativeSmokeTest"/>
  <testcase name="testRepresentativeHomePage" time="0.871" classname="smoketest.RespresentativeSmokeTest"/>
  <testcase name="testRepresentativeVoteRegistrationSingle" time="0.237" classname="smoketest.RespresentativeSmokeTest"/>
  <testcase name="testRepresentativeVoteRegistrationMulti" time="0.26" classname="smoketest.RespresentativeSmokeTest"/>
  <testcase name="testRepresentativeChangePasswordPage" time="0.24" classname="smoketest.RespresentativeSmokeTest"/>
  <testcase name="testRepresentativeLogOut" time="2.209" classname="smoketest.RespresentativeSmokeTest"/>
</testsuite> <!-- Default test -->
