<?xml version="1.0" encoding="UTF-8"?>
<!-- Generated by org.testng.reporters.JUnitXMLReporter -->
<testsuite hostname="manjaro" name="P2 Tests" tests="3" failures="0" timestamp="10 Mar 2017 12:53:53 GMT" time="1.507" errors="0">
  <testcase name="homePageTest" time="0.311" classname="testclasses.FirstTest"/>
  <testcase name="enterUsernameTest" time="0.194" classname="testclasses.FirstTest"/>
  <testcase name="enterPasswordTest" time="0.09" classname="testclasses.FirstTest"/>
</testsuite> <!-- P2 Tests -->
