<?xml version="1.0" encoding="UTF-8"?>
<!-- Generated by org.testng.reporters.JUnitXMLReporter -->
<testsuite hostname="manjaro" name="Candidate Search Test Cases" tests="2" failures="0" timestamp="16 Mar 2017 08:21:18 GMT" time="5.976" errors="0">
  <testcase name="candidateSearchLoadPageTest" time="2.375" classname="testclasses._public.CandidateSearchTest"/>
  <testcase name="candidateSearchByNameTest" time="0.384" classname="testclasses._public.CandidateSearchTest"/>
</testsuite> <!-- Candidate Search Test Cases -->
